2023-12-15 13:16:39 error: uncaughtException: ⨯ Unable to compile TypeScript:
src/models/mentor.model.ts(68,3): error TS1109: Expression expected.

TSError: ⨯ Unable to compile TypeScript:
src/models/mentor.model.ts(68,3): error TS1109: Expression expected.

    at createTSError (C:\Users\Shailendra kumar\Desktop\masai-projects\masai-alumni\node_modules\.pnpm\ts-node@10.9.1_@swc+core@1.3.95_@types+node@18.17.2_typescript@5.1.3\node_modules\ts-node\src\index.ts:859:12)
    at reportTSError (C:\Users\Shailendra kumar\Desktop\masai-projects\masai-alumni\node_modules\.pnpm\ts-node@10.9.1_@swc+core@1.3.95_@types+node@18.17.2_typescript@5.1.3\node_modules\ts-node\src\index.ts:863:19)
    at C:\Users\Shailendra kumar\Desktop\masai-projects\masai-alumni\node_modules\.pnpm\ts-node@10.9.1_@swc+core@1.3.95_@types+node@18.17.2_typescript@5.1.3\node_modules\ts-node\src\index.ts:1379:34
    at Object.compile (C:\Users\Shailendra kumar\Desktop\masai-projects\masai-alumni\node_modules\.pnpm\ts-node@10.9.1_@swc+core@1.3.95_@types+node@18.17.2_typescript@5.1.3\node_modules\ts-node\src\index.ts:1458:13)
    at Module.m._compile (C:\Users\Shailendra kumar\Desktop\masai-projects\masai-alumni\node_modules\.pnpm\ts-node@10.9.1_@swc+core@1.3.95_@types+node@18.17.2_typescript@5.1.3\node_modules\ts-node\src\index.ts:1617:30)
    at Module._extensions..js (node:internal/modules/cjs/loader:1435:10)
    at Object.require.extensions.<computed> [as .ts] (C:\Users\Shailendra kumar\Desktop\masai-projects\masai-alumni\node_modules\.pnpm\ts-node@10.9.1_@swc+core@1.3.95_@types+node@18.17.2_typescript@5.1.3\node_modules\ts-node\src\index.ts:1621:12)
    at Module.load (node:internal/modules/cjs/loader:1207:32)
    at Function.Module._load (node:internal/modules/cjs/loader:1023:12)
    at Module.require (node:internal/modules/cjs/loader:1235:19)
2023-12-15 15:58:33 error: [POST] /api/v1/profiles/experience >> StatusCode:: 500, Message:: Error creating experience record
2023-12-15 17:06:44 error: uncaughtException: User is not defined
ReferenceError: User is not defined
    at Object.<anonymous> (C:\Users\Shailendra kumar\Desktop\masai-projects\masai-alumni\apps\server\src\models\poll.model.ts:49:21)
    at Module._compile (node:internal/modules/cjs/loader:1376:14)
    at Module.m._compile (C:\Users\Shailendra kumar\Desktop\masai-projects\masai-alumni\node_modules\.pnpm\ts-node@10.9.1_@swc+core@1.3.95_@types+node@18.17.2_typescript@5.1.3\node_modules\ts-node\src\index.ts:1618:23)
    at Module._extensions..js (node:internal/modules/cjs/loader:1435:10)
    at Object.require.extensions.<computed> [as .ts] (C:\Users\Shailendra kumar\Desktop\masai-projects\masai-alumni\node_modules\.pnpm\ts-node@10.9.1_@swc+core@1.3.95_@types+node@18.17.2_typescript@5.1.3\node_modules\ts-node\src\index.ts:1621:12)
    at Module.load (node:internal/modules/cjs/loader:1207:32)
    at Function.Module._load (node:internal/modules/cjs/loader:1023:12)
    at Module.require (node:internal/modules/cjs/loader:1235:19)
    at require (node:internal/modules/helpers:176:18)
    at Object.<anonymous> (C:\Users\Shailendra kumar\Desktop\masai-projects\masai-alumni\apps\server\src\services\poll.service.ts:4:1)
2023-12-15 17:07:05 error: uncaughtException: UserMode is not defined
ReferenceError: UserMode is not defined
    at Object.<anonymous> (C:\Users\Shailendra kumar\Desktop\masai-projects\masai-alumni\apps\server\src\models\poll.model.ts:49:21)
    at Module._compile (node:internal/modules/cjs/loader:1376:14)
    at Module.m._compile (C:\Users\Shailendra kumar\Desktop\masai-projects\masai-alumni\node_modules\.pnpm\ts-node@10.9.1_@swc+core@1.3.95_@types+node@18.17.2_typescript@5.1.3\node_modules\ts-node\src\index.ts:1618:23)
    at Module._extensions..js (node:internal/modules/cjs/loader:1435:10)
    at Object.require.extensions.<computed> [as .ts] (C:\Users\Shailendra kumar\Desktop\masai-projects\masai-alumni\node_modules\.pnpm\ts-node@10.9.1_@swc+core@1.3.95_@types+node@18.17.2_typescript@5.1.3\node_modules\ts-node\src\index.ts:1621:12)
    at Module.load (node:internal/modules/cjs/loader:1207:32)
    at Function.Module._load (node:internal/modules/cjs/loader:1023:12)
    at Module.require (node:internal/modules/cjs/loader:1235:19)
    at require (node:internal/modules/helpers:176:18)
    at Object.<anonymous> (C:\Users\Shailendra kumar\Desktop\masai-projects\masai-alumni\apps\server\src\services\poll.service.ts:4:1)
2023-12-15 17:07:12 error: uncaughtException: as is not defined
ReferenceError: as is not defined
    at Object.<anonymous> (C:\Users\Shailendra kumar\Desktop\masai-projects\masai-alumni\apps\server\src\models\poll.model.ts:51:2)
    at Module._compile (node:internal/modules/cjs/loader:1376:14)
    at Module.m._compile (C:\Users\Shailendra kumar\Desktop\masai-projects\masai-alumni\node_modules\.pnpm\ts-node@10.9.1_@swc+core@1.3.95_@types+node@18.17.2_typescript@5.1.3\node_modules\ts-node\src\index.ts:1618:23)
    at Module._extensions..js (node:internal/modules/cjs/loader:1435:10)
    at Object.require.extensions.<computed> [as .ts] (C:\Users\Shailendra kumar\Desktop\masai-projects\masai-alumni\node_modules\.pnpm\ts-node@10.9.1_@swc+core@1.3.95_@types+node@18.17.2_typescript@5.1.3\node_modules\ts-node\src\index.ts:1621:12)
    at Module.load (node:internal/modules/cjs/loader:1207:32)
    at Function.Module._load (node:internal/modules/cjs/loader:1023:12)
    at Module.require (node:internal/modules/cjs/loader:1235:19)
    at require (node:internal/modules/helpers:176:18)
    at Object.<anonymous> (C:\Users\Shailendra kumar\Desktop\masai-projects\masai-alumni\apps\server\src\services\poll.service.ts:4:1)
2023-12-15 17:07:37 error: uncaughtException: ⨯ Unable to compile TypeScript:
src/models/poll.model.ts(53,1): error TS1109: Expression expected.

TSError: ⨯ Unable to compile TypeScript:
src/models/poll.model.ts(53,1): error TS1109: Expression expected.

    at createTSError (C:\Users\Shailendra kumar\Desktop\masai-projects\masai-alumni\node_modules\.pnpm\ts-node@10.9.1_@swc+core@1.3.95_@types+node@18.17.2_typescript@5.1.3\node_modules\ts-node\src\index.ts:859:12)
    at reportTSError (C:\Users\Shailendra kumar\Desktop\masai-projects\masai-alumni\node_modules\.pnpm\ts-node@10.9.1_@swc+core@1.3.95_@types+node@18.17.2_typescript@5.1.3\node_modules\ts-node\src\index.ts:863:19)
    at C:\Users\Shailendra kumar\Desktop\masai-projects\masai-alumni\node_modules\.pnpm\ts-node@10.9.1_@swc+core@1.3.95_@types+node@18.17.2_typescript@5.1.3\node_modules\ts-node\src\index.ts:1379:34
    at Object.compile (C:\Users\Shailendra kumar\Desktop\masai-projects\masai-alumni\node_modules\.pnpm\ts-node@10.9.1_@swc+core@1.3.95_@types+node@18.17.2_typescript@5.1.3\node_modules\ts-node\src\index.ts:1458:13)
    at Module.m._compile (C:\Users\Shailendra kumar\Desktop\masai-projects\masai-alumni\node_modules\.pnpm\ts-node@10.9.1_@swc+core@1.3.95_@types+node@18.17.2_typescript@5.1.3\node_modules\ts-node\src\index.ts:1617:30)
    at Module._extensions..js (node:internal/modules/cjs/loader:1435:10)
    at Object.require.extensions.<computed> [as .ts] (C:\Users\Shailendra kumar\Desktop\masai-projects\masai-alumni\node_modules\.pnpm\ts-node@10.9.1_@swc+core@1.3.95_@types+node@18.17.2_typescript@5.1.3\node_modules\ts-node\src\index.ts:1621:12)
    at Module.load (node:internal/modules/cjs/loader:1207:32)
    at Function.Module._load (node:internal/modules/cjs/loader:1023:12)
    at Module.require (node:internal/modules/cjs/loader:1235:19)
2023-12-15 17:07:40 error: uncaughtException: ⨯ Unable to compile TypeScript:
src/models/poll.model.ts(53,1): error TS1005: ':' expected.

TSError: ⨯ Unable to compile TypeScript:
src/models/poll.model.ts(53,1): error TS1005: ':' expected.

    at createTSError (C:\Users\Shailendra kumar\Desktop\masai-projects\masai-alumni\node_modules\.pnpm\ts-node@10.9.1_@swc+core@1.3.95_@types+node@18.17.2_typescript@5.1.3\node_modules\ts-node\src\index.ts:859:12)
    at reportTSError (C:\Users\Shailendra kumar\Desktop\masai-projects\masai-alumni\node_modules\.pnpm\ts-node@10.9.1_@swc+core@1.3.95_@types+node@18.17.2_typescript@5.1.3\node_modules\ts-node\src\index.ts:863:19)
    at C:\Users\Shailendra kumar\Desktop\masai-projects\masai-alumni\node_modules\.pnpm\ts-node@10.9.1_@swc+core@1.3.95_@types+node@18.17.2_typescript@5.1.3\node_modules\ts-node\src\index.ts:1379:34
    at Object.compile (C:\Users\Shailendra kumar\Desktop\masai-projects\masai-alumni\node_modules\.pnpm\ts-node@10.9.1_@swc+core@1.3.95_@types+node@18.17.2_typescript@5.1.3\node_modules\ts-node\src\index.ts:1458:13)
    at Module.m._compile (C:\Users\Shailendra kumar\Desktop\masai-projects\masai-alumni\node_modules\.pnpm\ts-node@10.9.1_@swc+core@1.3.95_@types+node@18.17.2_typescript@5.1.3\node_modules\ts-node\src\index.ts:1617:30)
    at Module._extensions..js (node:internal/modules/cjs/loader:1435:10)
    at Object.require.extensions.<computed> [as .ts] (C:\Users\Shailendra kumar\Desktop\masai-projects\masai-alumni\node_modules\.pnpm\ts-node@10.9.1_@swc+core@1.3.95_@types+node@18.17.2_typescript@5.1.3\node_modules\ts-node\src\index.ts:1621:12)
    at Module.load (node:internal/modules/cjs/loader:1207:32)
    at Function.Module._load (node:internal/modules/cjs/loader:1023:12)
    at Module.require (node:internal/modules/cjs/loader:1235:19)
2023-12-15 17:07:42 error: uncaughtException: foreignKey is not defined
ReferenceError: foreignKey is not defined
    at Object.<anonymous> (C:\Users\Shailendra kumar\Desktop\masai-projects\masai-alumni\apps\server\src\models\poll.model.ts:52:2)
    at Module._compile (node:internal/modules/cjs/loader:1376:14)
    at Module.m._compile (C:\Users\Shailendra kumar\Desktop\masai-projects\masai-alumni\node_modules\.pnpm\ts-node@10.9.1_@swc+core@1.3.95_@types+node@18.17.2_typescript@5.1.3\node_modules\ts-node\src\index.ts:1618:23)
    at Module._extensions..js (node:internal/modules/cjs/loader:1435:10)
    at Object.require.extensions.<computed> [as .ts] (C:\Users\Shailendra kumar\Desktop\masai-projects\masai-alumni\node_modules\.pnpm\ts-node@10.9.1_@swc+core@1.3.95_@types+node@18.17.2_typescript@5.1.3\node_modules\ts-node\src\index.ts:1621:12)
    at Module.load (node:internal/modules/cjs/loader:1207:32)
    at Function.Module._load (node:internal/modules/cjs/loader:1023:12)
    at Module.require (node:internal/modules/cjs/loader:1235:19)
    at require (node:internal/modules/helpers:176:18)
    at Object.<anonymous> (C:\Users\Shailendra kumar\Desktop\masai-projects\masai-alumni\apps\server\src\services\poll.service.ts:4:1)
2023-12-15 17:09:48 error: uncaughtException: Unexpected token ';'
C:\Users\Shailendra kumar\Desktop\masai-projects\masai-alumni\apps\server\src\services\notice.service.ts:34
                    const ;
                          ^

SyntaxError: Unexpected token ';'
    at internalCompileFunction (node:internal/vm:77:18)
    at wrapSafe (node:internal/modules/cjs/loader:1288:20)
    at Module._compile (node:internal/modules/cjs/loader:1340:27)
    at Module.m._compile (C:\Users\Shailendra kumar\Desktop\masai-projects\masai-alumni\node_modules\.pnpm\ts-node@10.9.1_@swc+core@1.3.95_@types+node@18.17.2_typescript@5.1.3\node_modules\ts-node\src\index.ts:1618:23)
    at Module._extensions..js (node:internal/modules/cjs/loader:1435:10)
    at Object.require.extensions.<computed> [as .ts] (C:\Users\Shailendra kumar\Desktop\masai-projects\masai-alumni\node_modules\.pnpm\ts-node@10.9.1_@swc+core@1.3.95_@types+node@18.17.2_typescript@5.1.3\node_modules\ts-node\src\index.ts:1621:12)
    at Module.load (node:internal/modules/cjs/loader:1207:32)
    at Function.Module._load (node:internal/modules/cjs/loader:1023:12)
    at Module.require (node:internal/modules/cjs/loader:1235:19)
    at require (node:internal/modules/helpers:176:18)
2023-12-15 17:09:58 error: uncaughtException: ⨯ Unable to compile TypeScript:
src/services/notice.service.ts(38,7): error TS1109: Expression expected.

TSError: ⨯ Unable to compile TypeScript:
src/services/notice.service.ts(38,7): error TS1109: Expression expected.

    at createTSError (C:\Users\Shailendra kumar\Desktop\masai-projects\masai-alumni\node_modules\.pnpm\ts-node@10.9.1_@swc+core@1.3.95_@types+node@18.17.2_typescript@5.1.3\node_modules\ts-node\src\index.ts:859:12)
    at reportTSError (C:\Users\Shailendra kumar\Desktop\masai-projects\masai-alumni\node_modules\.pnpm\ts-node@10.9.1_@swc+core@1.3.95_@types+node@18.17.2_typescript@5.1.3\node_modules\ts-node\src\index.ts:863:19)
    at C:\Users\Shailendra kumar\Desktop\masai-projects\masai-alumni\node_modules\.pnpm\ts-node@10.9.1_@swc+core@1.3.95_@types+node@18.17.2_typescript@5.1.3\node_modules\ts-node\src\index.ts:1379:34
    at Object.compile (C:\Users\Shailendra kumar\Desktop\masai-projects\masai-alumni\node_modules\.pnpm\ts-node@10.9.1_@swc+core@1.3.95_@types+node@18.17.2_typescript@5.1.3\node_modules\ts-node\src\index.ts:1458:13)
    at Module.m._compile (C:\Users\Shailendra kumar\Desktop\masai-projects\masai-alumni\node_modules\.pnpm\ts-node@10.9.1_@swc+core@1.3.95_@types+node@18.17.2_typescript@5.1.3\node_modules\ts-node\src\index.ts:1617:30)
    at Module._extensions..js (node:internal/modules/cjs/loader:1435:10)
    at Object.require.extensions.<computed> [as .ts] (C:\Users\Shailendra kumar\Desktop\masai-projects\masai-alumni\node_modules\.pnpm\ts-node@10.9.1_@swc+core@1.3.95_@types+node@18.17.2_typescript@5.1.3\node_modules\ts-node\src\index.ts:1621:12)
    at Module.load (node:internal/modules/cjs/loader:1207:32)
    at Function.Module._load (node:internal/modules/cjs/loader:1023:12)
    at Module.require (node:internal/modules/cjs/loader:1235:19)
2023-12-15 17:10:01 error: uncaughtException: ⨯ Unable to compile TypeScript:
src/services/notice.service.ts(37,37): error TS1003: Identifier expected.

TSError: ⨯ Unable to compile TypeScript:
src/services/notice.service.ts(37,37): error TS1003: Identifier expected.

    at createTSError (C:\Users\Shailendra kumar\Desktop\masai-projects\masai-alumni\node_modules\.pnpm\ts-node@10.9.1_@swc+core@1.3.95_@types+node@18.17.2_typescript@5.1.3\node_modules\ts-node\src\index.ts:859:12)
    at reportTSError (C:\Users\Shailendra kumar\Desktop\masai-projects\masai-alumni\node_modules\.pnpm\ts-node@10.9.1_@swc+core@1.3.95_@types+node@18.17.2_typescript@5.1.3\node_modules\ts-node\src\index.ts:863:19)
    at C:\Users\Shailendra kumar\Desktop\masai-projects\masai-alumni\node_modules\.pnpm\ts-node@10.9.1_@swc+core@1.3.95_@types+node@18.17.2_typescript@5.1.3\node_modules\ts-node\src\index.ts:1379:34
    at Object.compile (C:\Users\Shailendra kumar\Desktop\masai-projects\masai-alumni\node_modules\.pnpm\ts-node@10.9.1_@swc+core@1.3.95_@types+node@18.17.2_typescript@5.1.3\node_modules\ts-node\src\index.ts:1458:13)
    at Module.m._compile (C:\Users\Shailendra kumar\Desktop\masai-projects\masai-alumni\node_modules\.pnpm\ts-node@10.9.1_@swc+core@1.3.95_@types+node@18.17.2_typescript@5.1.3\node_modules\ts-node\src\index.ts:1617:30)
    at Module._extensions..js (node:internal/modules/cjs/loader:1435:10)
    at Object.require.extensions.<computed> [as .ts] (C:\Users\Shailendra kumar\Desktop\masai-projects\masai-alumni\node_modules\.pnpm\ts-node@10.9.1_@swc+core@1.3.95_@types+node@18.17.2_typescript@5.1.3\node_modules\ts-node\src\index.ts:1621:12)
    at Module.load (node:internal/modules/cjs/loader:1207:32)
    at Function.Module._load (node:internal/modules/cjs/loader:1023:12)
    at Module.require (node:internal/modules/cjs/loader:1235:19)
2023-12-15 17:10:06 error: uncaughtException: ⨯ Unable to compile TypeScript:
src/services/notice.service.ts(38,37): error TS1003: Identifier expected.

TSError: ⨯ Unable to compile TypeScript:
src/services/notice.service.ts(38,37): error TS1003: Identifier expected.

    at createTSError (C:\Users\Shailendra kumar\Desktop\masai-projects\masai-alumni\node_modules\.pnpm\ts-node@10.9.1_@swc+core@1.3.95_@types+node@18.17.2_typescript@5.1.3\node_modules\ts-node\src\index.ts:859:12)
    at reportTSError (C:\Users\Shailendra kumar\Desktop\masai-projects\masai-alumni\node_modules\.pnpm\ts-node@10.9.1_@swc+core@1.3.95_@types+node@18.17.2_typescript@5.1.3\node_modules\ts-node\src\index.ts:863:19)
    at C:\Users\Shailendra kumar\Desktop\masai-projects\masai-alumni\node_modules\.pnpm\ts-node@10.9.1_@swc+core@1.3.95_@types+node@18.17.2_typescript@5.1.3\node_modules\ts-node\src\index.ts:1379:34
    at Object.compile (C:\Users\Shailendra kumar\Desktop\masai-projects\masai-alumni\node_modules\.pnpm\ts-node@10.9.1_@swc+core@1.3.95_@types+node@18.17.2_typescript@5.1.3\node_modules\ts-node\src\index.ts:1458:13)
    at Module.m._compile (C:\Users\Shailendra kumar\Desktop\masai-projects\masai-alumni\node_modules\.pnpm\ts-node@10.9.1_@swc+core@1.3.95_@types+node@18.17.2_typescript@5.1.3\node_modules\ts-node\src\index.ts:1617:30)
    at Module._extensions..js (node:internal/modules/cjs/loader:1435:10)
    at Object.require.extensions.<computed> [as .ts] (C:\Users\Shailendra kumar\Desktop\masai-projects\masai-alumni\node_modules\.pnpm\ts-node@10.9.1_@swc+core@1.3.95_@types+node@18.17.2_typescript@5.1.3\node_modules\ts-node\src\index.ts:1621:12)
    at Module.load (node:internal/modules/cjs/loader:1207:32)
    at Function.Module._load (node:internal/modules/cjs/loader:1023:12)
    at Module.require (node:internal/modules/cjs/loader:1235:19)
2023-12-15 17:10:10 error: uncaughtException: ⨯ Unable to compile TypeScript:
src/services/notice.service.ts(38,37): error TS1003: Identifier expected.

TSError: ⨯ Unable to compile TypeScript:
src/services/notice.service.ts(38,37): error TS1003: Identifier expected.

    at createTSError (C:\Users\Shailendra kumar\Desktop\masai-projects\masai-alumni\node_modules\.pnpm\ts-node@10.9.1_@swc+core@1.3.95_@types+node@18.17.2_typescript@5.1.3\node_modules\ts-node\src\index.ts:859:12)
    at reportTSError (C:\Users\Shailendra kumar\Desktop\masai-projects\masai-alumni\node_modules\.pnpm\ts-node@10.9.1_@swc+core@1.3.95_@types+node@18.17.2_typescript@5.1.3\node_modules\ts-node\src\index.ts:863:19)
    at C:\Users\Shailendra kumar\Desktop\masai-projects\masai-alumni\node_modules\.pnpm\ts-node@10.9.1_@swc+core@1.3.95_@types+node@18.17.2_typescript@5.1.3\node_modules\ts-node\src\index.ts:1379:34
    at Object.compile (C:\Users\Shailendra kumar\Desktop\masai-projects\masai-alumni\node_modules\.pnpm\ts-node@10.9.1_@swc+core@1.3.95_@types+node@18.17.2_typescript@5.1.3\node_modules\ts-node\src\index.ts:1458:13)
    at Module.m._compile (C:\Users\Shailendra kumar\Desktop\masai-projects\masai-alumni\node_modules\.pnpm\ts-node@10.9.1_@swc+core@1.3.95_@types+node@18.17.2_typescript@5.1.3\node_modules\ts-node\src\index.ts:1617:30)
    at Module._extensions..js (node:internal/modules/cjs/loader:1435:10)
    at Object.require.extensions.<computed> [as .ts] (C:\Users\Shailendra kumar\Desktop\masai-projects\masai-alumni\node_modules\.pnpm\ts-node@10.9.1_@swc+core@1.3.95_@types+node@18.17.2_typescript@5.1.3\node_modules\ts-node\src\index.ts:1621:12)
    at Module.load (node:internal/modules/cjs/loader:1207:32)
    at Function.Module._load (node:internal/modules/cjs/loader:1023:12)
    at Module.require (node:internal/modules/cjs/loader:1235:19)
2023-12-15 17:10:12 error: uncaughtException: ⨯ Unable to compile TypeScript:
src/services/notice.service.ts(38,37): error TS1003: Identifier expected.

TSError: ⨯ Unable to compile TypeScript:
src/services/notice.service.ts(38,37): error TS1003: Identifier expected.

    at createTSError (C:\Users\Shailendra kumar\Desktop\masai-projects\masai-alumni\node_modules\.pnpm\ts-node@10.9.1_@swc+core@1.3.95_@types+node@18.17.2_typescript@5.1.3\node_modules\ts-node\src\index.ts:859:12)
    at reportTSError (C:\Users\Shailendra kumar\Desktop\masai-projects\masai-alumni\node_modules\.pnpm\ts-node@10.9.1_@swc+core@1.3.95_@types+node@18.17.2_typescript@5.1.3\node_modules\ts-node\src\index.ts:863:19)
    at C:\Users\Shailendra kumar\Desktop\masai-projects\masai-alumni\node_modules\.pnpm\ts-node@10.9.1_@swc+core@1.3.95_@types+node@18.17.2_typescript@5.1.3\node_modules\ts-node\src\index.ts:1379:34
    at Object.compile (C:\Users\Shailendra kumar\Desktop\masai-projects\masai-alumni\node_modules\.pnpm\ts-node@10.9.1_@swc+core@1.3.95_@types+node@18.17.2_typescript@5.1.3\node_modules\ts-node\src\index.ts:1458:13)
    at Module.m._compile (C:\Users\Shailendra kumar\Desktop\masai-projects\masai-alumni\node_modules\.pnpm\ts-node@10.9.1_@swc+core@1.3.95_@types+node@18.17.2_typescript@5.1.3\node_modules\ts-node\src\index.ts:1617:30)
    at Module._extensions..js (node:internal/modules/cjs/loader:1435:10)
    at Object.require.extensions.<computed> [as .ts] (C:\Users\Shailendra kumar\Desktop\masai-projects\masai-alumni\node_modules\.pnpm\ts-node@10.9.1_@swc+core@1.3.95_@types+node@18.17.2_typescript@5.1.3\node_modules\ts-node\src\index.ts:1621:12)
    at Module.load (node:internal/modules/cjs/loader:1207:32)
    at Function.Module._load (node:internal/modules/cjs/loader:1023:12)
    at Module.require (node:internal/modules/cjs/loader:1235:19)
2023-12-15 17:10:18 error: uncaughtException: ⨯ Unable to compile TypeScript:
src/services/notice.service.ts(18,9): error TS1005: ';' expected.
src/services/notice.service.ts(38,37): error TS1003: Identifier expected.

TSError: ⨯ Unable to compile TypeScript:
src/services/notice.service.ts(18,9): error TS1005: ';' expected.
src/services/notice.service.ts(38,37): error TS1003: Identifier expected.

    at createTSError (C:\Users\Shailendra kumar\Desktop\masai-projects\masai-alumni\node_modules\.pnpm\ts-node@10.9.1_@swc+core@1.3.95_@types+node@18.17.2_typescript@5.1.3\node_modules\ts-node\src\index.ts:859:12)
    at reportTSError (C:\Users\Shailendra kumar\Desktop\masai-projects\masai-alumni\node_modules\.pnpm\ts-node@10.9.1_@swc+core@1.3.95_@types+node@18.17.2_typescript@5.1.3\node_modules\ts-node\src\index.ts:863:19)
    at C:\Users\Shailendra kumar\Desktop\masai-projects\masai-alumni\node_modules\.pnpm\ts-node@10.9.1_@swc+core@1.3.95_@types+node@18.17.2_typescript@5.1.3\node_modules\ts-node\src\index.ts:1379:34
    at Object.compile (C:\Users\Shailendra kumar\Desktop\masai-projects\masai-alumni\node_modules\.pnpm\ts-node@10.9.1_@swc+core@1.3.95_@types+node@18.17.2_typescript@5.1.3\node_modules\ts-node\src\index.ts:1458:13)
    at Module.m._compile (C:\Users\Shailendra kumar\Desktop\masai-projects\masai-alumni\node_modules\.pnpm\ts-node@10.9.1_@swc+core@1.3.95_@types+node@18.17.2_typescript@5.1.3\node_modules\ts-node\src\index.ts:1617:30)
    at Module._extensions..js (node:internal/modules/cjs/loader:1435:10)
    at Object.require.extensions.<computed> [as .ts] (C:\Users\Shailendra kumar\Desktop\masai-projects\masai-alumni\node_modules\.pnpm\ts-node@10.9.1_@swc+core@1.3.95_@types+node@18.17.2_typescript@5.1.3\node_modules\ts-node\src\index.ts:1621:12)
    at Module.load (node:internal/modules/cjs/loader:1207:32)
    at Function.Module._load (node:internal/modules/cjs/loader:1023:12)
    at Module.require (node:internal/modules/cjs/loader:1235:19)
2023-12-15 17:10:42 error: uncaughtException: ⨯ Unable to compile TypeScript:
src/services/notice.service.ts(38,37): error TS1003: Identifier expected.

TSError: ⨯ Unable to compile TypeScript:
src/services/notice.service.ts(38,37): error TS1003: Identifier expected.

    at createTSError (C:\Users\Shailendra kumar\Desktop\masai-projects\masai-alumni\node_modules\.pnpm\ts-node@10.9.1_@swc+core@1.3.95_@types+node@18.17.2_typescript@5.1.3\node_modules\ts-node\src\index.ts:859:12)
    at reportTSError (C:\Users\Shailendra kumar\Desktop\masai-projects\masai-alumni\node_modules\.pnpm\ts-node@10.9.1_@swc+core@1.3.95_@types+node@18.17.2_typescript@5.1.3\node_modules\ts-node\src\index.ts:863:19)
    at C:\Users\Shailendra kumar\Desktop\masai-projects\masai-alumni\node_modules\.pnpm\ts-node@10.9.1_@swc+core@1.3.95_@types+node@18.17.2_typescript@5.1.3\node_modules\ts-node\src\index.ts:1379:34
    at Object.compile (C:\Users\Shailendra kumar\Desktop\masai-projects\masai-alumni\node_modules\.pnpm\ts-node@10.9.1_@swc+core@1.3.95_@types+node@18.17.2_typescript@5.1.3\node_modules\ts-node\src\index.ts:1458:13)
    at Module.m._compile (C:\Users\Shailendra kumar\Desktop\masai-projects\masai-alumni\node_modules\.pnpm\ts-node@10.9.1_@swc+core@1.3.95_@types+node@18.17.2_typescript@5.1.3\node_modules\ts-node\src\index.ts:1617:30)
    at Module._extensions..js (node:internal/modules/cjs/loader:1435:10)
    at Object.require.extensions.<computed> [as .ts] (C:\Users\Shailendra kumar\Desktop\masai-projects\masai-alumni\node_modules\.pnpm\ts-node@10.9.1_@swc+core@1.3.95_@types+node@18.17.2_typescript@5.1.3\node_modules\ts-node\src\index.ts:1621:12)
    at Module.load (node:internal/modules/cjs/loader:1207:32)
    at Function.Module._load (node:internal/modules/cjs/loader:1023:12)
    at Module.require (node:internal/modules/cjs/loader:1235:19)
2023-12-15 17:10:47 error: uncaughtException: ⨯ Unable to compile TypeScript:
src/services/notice.service.ts(39,37): error TS1003: Identifier expected.

TSError: ⨯ Unable to compile TypeScript:
src/services/notice.service.ts(39,37): error TS1003: Identifier expected.

    at createTSError (C:\Users\Shailendra kumar\Desktop\masai-projects\masai-alumni\node_modules\.pnpm\ts-node@10.9.1_@swc+core@1.3.95_@types+node@18.17.2_typescript@5.1.3\node_modules\ts-node\src\index.ts:859:12)
    at reportTSError (C:\Users\Shailendra kumar\Desktop\masai-projects\masai-alumni\node_modules\.pnpm\ts-node@10.9.1_@swc+core@1.3.95_@types+node@18.17.2_typescript@5.1.3\node_modules\ts-node\src\index.ts:863:19)
    at C:\Users\Shailendra kumar\Desktop\masai-projects\masai-alumni\node_modules\.pnpm\ts-node@10.9.1_@swc+core@1.3.95_@types+node@18.17.2_typescript@5.1.3\node_modules\ts-node\src\index.ts:1379:34
    at Object.compile (C:\Users\Shailendra kumar\Desktop\masai-projects\masai-alumni\node_modules\.pnpm\ts-node@10.9.1_@swc+core@1.3.95_@types+node@18.17.2_typescript@5.1.3\node_modules\ts-node\src\index.ts:1458:13)
    at Module.m._compile (C:\Users\Shailendra kumar\Desktop\masai-projects\masai-alumni\node_modules\.pnpm\ts-node@10.9.1_@swc+core@1.3.95_@types+node@18.17.2_typescript@5.1.3\node_modules\ts-node\src\index.ts:1617:30)
    at Module._extensions..js (node:internal/modules/cjs/loader:1435:10)
    at Object.require.extensions.<computed> [as .ts] (C:\Users\Shailendra kumar\Desktop\masai-projects\masai-alumni\node_modules\.pnpm\ts-node@10.9.1_@swc+core@1.3.95_@types+node@18.17.2_typescript@5.1.3\node_modules\ts-node\src\index.ts:1621:12)
    at Module.load (node:internal/modules/cjs/loader:1207:32)
    at Function.Module._load (node:internal/modules/cjs/loader:1023:12)
    at Module.require (node:internal/modules/cjs/loader:1235:19)
2023-12-15 17:10:57 error: uncaughtException: ⨯ Unable to compile TypeScript:
src/services/notice.service.ts(39,49): error TS1003: Identifier expected.

TSError: ⨯ Unable to compile TypeScript:
src/services/notice.service.ts(39,49): error TS1003: Identifier expected.

    at createTSError (C:\Users\Shailendra kumar\Desktop\masai-projects\masai-alumni\node_modules\.pnpm\ts-node@10.9.1_@swc+core@1.3.95_@types+node@18.17.2_typescript@5.1.3\node_modules\ts-node\src\index.ts:859:12)
    at reportTSError (C:\Users\Shailendra kumar\Desktop\masai-projects\masai-alumni\node_modules\.pnpm\ts-node@10.9.1_@swc+core@1.3.95_@types+node@18.17.2_typescript@5.1.3\node_modules\ts-node\src\index.ts:863:19)
    at C:\Users\Shailendra kumar\Desktop\masai-projects\masai-alumni\node_modules\.pnpm\ts-node@10.9.1_@swc+core@1.3.95_@types+node@18.17.2_typescript@5.1.3\node_modules\ts-node\src\index.ts:1379:34
    at Object.compile (C:\Users\Shailendra kumar\Desktop\masai-projects\masai-alumni\node_modules\.pnpm\ts-node@10.9.1_@swc+core@1.3.95_@types+node@18.17.2_typescript@5.1.3\node_modules\ts-node\src\index.ts:1458:13)
    at Module.m._compile (C:\Users\Shailendra kumar\Desktop\masai-projects\masai-alumni\node_modules\.pnpm\ts-node@10.9.1_@swc+core@1.3.95_@types+node@18.17.2_typescript@5.1.3\node_modules\ts-node\src\index.ts:1617:30)
    at Module._extensions..js (node:internal/modules/cjs/loader:1435:10)
    at Object.require.extensions.<computed> [as .ts] (C:\Users\Shailendra kumar\Desktop\masai-projects\masai-alumni\node_modules\.pnpm\ts-node@10.9.1_@swc+core@1.3.95_@types+node@18.17.2_typescript@5.1.3\node_modules\ts-node\src\index.ts:1621:12)
    at Module.load (node:internal/modules/cjs/loader:1207:32)
    at Function.Module._load (node:internal/modules/cjs/loader:1023:12)
    at Module.require (node:internal/modules/cjs/loader:1235:19)
2023-12-15 17:11:35 error: uncaughtException: ⨯ Unable to compile TypeScript:
src/services/notice.service.ts(40,7): error TS1135: Argument expression expected.

TSError: ⨯ Unable to compile TypeScript:
src/services/notice.service.ts(40,7): error TS1135: Argument expression expected.

    at createTSError (C:\Users\Shailendra kumar\Desktop\masai-projects\masai-alumni\node_modules\.pnpm\ts-node@10.9.1_@swc+core@1.3.95_@types+node@18.17.2_typescript@5.1.3\node_modules\ts-node\src\index.ts:859:12)
    at reportTSError (C:\Users\Shailendra kumar\Desktop\masai-projects\masai-alumni\node_modules\.pnpm\ts-node@10.9.1_@swc+core@1.3.95_@types+node@18.17.2_typescript@5.1.3\node_modules\ts-node\src\index.ts:863:19)
    at C:\Users\Shailendra kumar\Desktop\masai-projects\masai-alumni\node_modules\.pnpm\ts-node@10.9.1_@swc+core@1.3.95_@types+node@18.17.2_typescript@5.1.3\node_modules\ts-node\src\index.ts:1379:34
    at Object.compile (C:\Users\Shailendra kumar\Desktop\masai-projects\masai-alumni\node_modules\.pnpm\ts-node@10.9.1_@swc+core@1.3.95_@types+node@18.17.2_typescript@5.1.3\node_modules\ts-node\src\index.ts:1458:13)
    at Module.m._compile (C:\Users\Shailendra kumar\Desktop\masai-projects\masai-alumni\node_modules\.pnpm\ts-node@10.9.1_@swc+core@1.3.95_@types+node@18.17.2_typescript@5.1.3\node_modules\ts-node\src\index.ts:1617:30)
    at Module._extensions..js (node:internal/modules/cjs/loader:1435:10)
    at Object.require.extensions.<computed> [as .ts] (C:\Users\Shailendra kumar\Desktop\masai-projects\masai-alumni\node_modules\.pnpm\ts-node@10.9.1_@swc+core@1.3.95_@types+node@18.17.2_typescript@5.1.3\node_modules\ts-node\src\index.ts:1621:12)
    at Module.load (node:internal/modules/cjs/loader:1207:32)
    at Function.Module._load (node:internal/modules/cjs/loader:1023:12)
    at Module.require (node:internal/modules/cjs/loader:1235:19)
2023-12-15 17:11:41 error: uncaughtException: ⨯ Unable to compile TypeScript:
src/services/notice.service.ts(39,55): error TS1003: Identifier expected.

TSError: ⨯ Unable to compile TypeScript:
src/services/notice.service.ts(39,55): error TS1003: Identifier expected.

    at createTSError (C:\Users\Shailendra kumar\Desktop\masai-projects\masai-alumni\node_modules\.pnpm\ts-node@10.9.1_@swc+core@1.3.95_@types+node@18.17.2_typescript@5.1.3\node_modules\ts-node\src\index.ts:859:12)
    at reportTSError (C:\Users\Shailendra kumar\Desktop\masai-projects\masai-alumni\node_modules\.pnpm\ts-node@10.9.1_@swc+core@1.3.95_@types+node@18.17.2_typescript@5.1.3\node_modules\ts-node\src\index.ts:863:19)
    at C:\Users\Shailendra kumar\Desktop\masai-projects\masai-alumni\node_modules\.pnpm\ts-node@10.9.1_@swc+core@1.3.95_@types+node@18.17.2_typescript@5.1.3\node_modules\ts-node\src\index.ts:1379:34
    at Object.compile (C:\Users\Shailendra kumar\Desktop\masai-projects\masai-alumni\node_modules\.pnpm\ts-node@10.9.1_@swc+core@1.3.95_@types+node@18.17.2_typescript@5.1.3\node_modules\ts-node\src\index.ts:1458:13)
    at Module.m._compile (C:\Users\Shailendra kumar\Desktop\masai-projects\masai-alumni\node_modules\.pnpm\ts-node@10.9.1_@swc+core@1.3.95_@types+node@18.17.2_typescript@5.1.3\node_modules\ts-node\src\index.ts:1617:30)
    at Module._extensions..js (node:internal/modules/cjs/loader:1435:10)
    at Object.require.extensions.<computed> [as .ts] (C:\Users\Shailendra kumar\Desktop\masai-projects\masai-alumni\node_modules\.pnpm\ts-node@10.9.1_@swc+core@1.3.95_@types+node@18.17.2_typescript@5.1.3\node_modules\ts-node\src\index.ts:1621:12)
    at Module.load (node:internal/modules/cjs/loader:1207:32)
    at Function.Module._load (node:internal/modules/cjs/loader:1023:12)
    at Module.require (node:internal/modules/cjs/loader:1235:19)
2023-12-15 17:14:00 error: uncaughtException: ⨯ Unable to compile TypeScript:
src/services/notice.service.ts(57,31): error TS1005: ',' expected.

TSError: ⨯ Unable to compile TypeScript:
src/services/notice.service.ts(57,31): error TS1005: ',' expected.

    at createTSError (C:\Users\Shailendra kumar\Desktop\masai-projects\masai-alumni\node_modules\.pnpm\ts-node@10.9.1_@swc+core@1.3.95_@types+node@18.17.2_typescript@5.1.3\node_modules\ts-node\src\index.ts:859:12)
    at reportTSError (C:\Users\Shailendra kumar\Desktop\masai-projects\masai-alumni\node_modules\.pnpm\ts-node@10.9.1_@swc+core@1.3.95_@types+node@18.17.2_typescript@5.1.3\node_modules\ts-node\src\index.ts:863:19)
    at C:\Users\Shailendra kumar\Desktop\masai-projects\masai-alumni\node_modules\.pnpm\ts-node@10.9.1_@swc+core@1.3.95_@types+node@18.17.2_typescript@5.1.3\node_modules\ts-node\src\index.ts:1379:34
    at Object.compile (C:\Users\Shailendra kumar\Desktop\masai-projects\masai-alumni\node_modules\.pnpm\ts-node@10.9.1_@swc+core@1.3.95_@types+node@18.17.2_typescript@5.1.3\node_modules\ts-node\src\index.ts:1458:13)
    at Module.m._compile (C:\Users\Shailendra kumar\Desktop\masai-projects\masai-alumni\node_modules\.pnpm\ts-node@10.9.1_@swc+core@1.3.95_@types+node@18.17.2_typescript@5.1.3\node_modules\ts-node\src\index.ts:1617:30)
    at Module._extensions..js (node:internal/modules/cjs/loader:1435:10)
    at Object.require.extensions.<computed> [as .ts] (C:\Users\Shailendra kumar\Desktop\masai-projects\masai-alumni\node_modules\.pnpm\ts-node@10.9.1_@swc+core@1.3.95_@types+node@18.17.2_typescript@5.1.3\node_modules\ts-node\src\index.ts:1621:12)
    at Module.load (node:internal/modules/cjs/loader:1207:32)
    at Function.Module._load (node:internal/modules/cjs/loader:1023:12)
    at Module.require (node:internal/modules/cjs/loader:1235:19)
2023-12-15 17:14:02 error: uncaughtException: ⨯ Unable to compile TypeScript:
src/services/notice.service.ts(57,36): error TS1005: ',' expected.
src/services/notice.service.ts(57,44): error TS1005: ':' expected.

TSError: ⨯ Unable to compile TypeScript:
src/services/notice.service.ts(57,36): error TS1005: ',' expected.
src/services/notice.service.ts(57,44): error TS1005: ':' expected.

    at createTSError (C:\Users\Shailendra kumar\Desktop\masai-projects\masai-alumni\node_modules\.pnpm\ts-node@10.9.1_@swc+core@1.3.95_@types+node@18.17.2_typescript@5.1.3\node_modules\ts-node\src\index.ts:859:12)
    at reportTSError (C:\Users\Shailendra kumar\Desktop\masai-projects\masai-alumni\node_modules\.pnpm\ts-node@10.9.1_@swc+core@1.3.95_@types+node@18.17.2_typescript@5.1.3\node_modules\ts-node\src\index.ts:863:19)
    at C:\Users\Shailendra kumar\Desktop\masai-projects\masai-alumni\node_modules\.pnpm\ts-node@10.9.1_@swc+core@1.3.95_@types+node@18.17.2_typescript@5.1.3\node_modules\ts-node\src\index.ts:1379:34
    at Object.compile (C:\Users\Shailendra kumar\Desktop\masai-projects\masai-alumni\node_modules\.pnpm\ts-node@10.9.1_@swc+core@1.3.95_@types+node@18.17.2_typescript@5.1.3\node_modules\ts-node\src\index.ts:1458:13)
    at Module.m._compile (C:\Users\Shailendra kumar\Desktop\masai-projects\masai-alumni\node_modules\.pnpm\ts-node@10.9.1_@swc+core@1.3.95_@types+node@18.17.2_typescript@5.1.3\node_modules\ts-node\src\index.ts:1617:30)
    at Module._extensions..js (node:internal/modules/cjs/loader:1435:10)
    at Object.require.extensions.<computed> [as .ts] (C:\Users\Shailendra kumar\Desktop\masai-projects\masai-alumni\node_modules\.pnpm\ts-node@10.9.1_@swc+core@1.3.95_@types+node@18.17.2_typescript@5.1.3\node_modules\ts-node\src\index.ts:1621:12)
    at Module.load (node:internal/modules/cjs/loader:1207:32)
    at Function.Module._load (node:internal/modules/cjs/loader:1023:12)
    at Module.require (node:internal/modules/cjs/loader:1235:19)
2023-12-15 17:15:27 error: [GET] /api/v1/polls/user >> StatusCode:: 500, Message:: Error fetching polls
2023-12-15 17:15:28 error: [GET] /api/v1/polls/user >> StatusCode:: 500, Message:: Error fetching polls
2023-12-15 17:21:12 error: uncaughtException: P is not defined
ReferenceError: P is not defined
    at NoticeService.<instance_members_initializer> (C:\Users\Shailendra kumar\Desktop\masai-projects\masai-alumni\apps\server\src\services\notice.service.ts:18:30)
    at new NoticeService (C:\Users\Shailendra kumar\Desktop\masai-projects\masai-alumni\apps\server\src\services\notice.service.ts:11:1)
    at JobController.<instance_members_initializer> (C:\Users\Shailendra kumar\Desktop\masai-projects\masai-alumni\apps\server\src\controllers\job.controller.ts:10:26)
    at new JobController (C:\Users\Shailendra kumar\Desktop\masai-projects\masai-alumni\apps\server\src\controllers\job.controller.ts:8:1)
    at JobRoute.<instance_members_initializer> (C:\Users\Shailendra kumar\Desktop\masai-projects\masai-alumni\apps\server\src\routes\job.route.ts:10:26)
    at new JobRoute (C:\Users\Shailendra kumar\Desktop\masai-projects\masai-alumni\apps\server\src\routes\job.route.ts:12:3)
    at Object.<anonymous> (C:\Users\Shailendra kumar\Desktop\masai-projects\masai-alumni\apps\server\src\routes\index.routes.ts:19:2)
    at Module._compile (node:internal/modules/cjs/loader:1376:14)
    at Module.m._compile (C:\Users\Shailendra kumar\Desktop\masai-projects\masai-alumni\node_modules\.pnpm\ts-node@10.9.1_@swc+core@1.3.95_@types+node@18.17.2_typescript@5.1.3\node_modules\ts-node\src\index.ts:1618:23)
    at Module._extensions..js (node:internal/modules/cjs/loader:1435:10)
2023-12-15 17:21:35 error: uncaughtException: ⨯ Unable to compile TypeScript:
src/services/notice.service.ts(40,47): error TS1003: Identifier expected.

TSError: ⨯ Unable to compile TypeScript:
src/services/notice.service.ts(40,47): error TS1003: Identifier expected.

    at createTSError (C:\Users\Shailendra kumar\Desktop\masai-projects\masai-alumni\node_modules\.pnpm\ts-node@10.9.1_@swc+core@1.3.95_@types+node@18.17.2_typescript@5.1.3\node_modules\ts-node\src\index.ts:859:12)
    at reportTSError (C:\Users\Shailendra kumar\Desktop\masai-projects\masai-alumni\node_modules\.pnpm\ts-node@10.9.1_@swc+core@1.3.95_@types+node@18.17.2_typescript@5.1.3\node_modules\ts-node\src\index.ts:863:19)
    at C:\Users\Shailendra kumar\Desktop\masai-projects\masai-alumni\node_modules\.pnpm\ts-node@10.9.1_@swc+core@1.3.95_@types+node@18.17.2_typescript@5.1.3\node_modules\ts-node\src\index.ts:1379:34
    at Object.compile (C:\Users\Shailendra kumar\Desktop\masai-projects\masai-alumni\node_modules\.pnpm\ts-node@10.9.1_@swc+core@1.3.95_@types+node@18.17.2_typescript@5.1.3\node_modules\ts-node\src\index.ts:1458:13)
    at Module.m._compile (C:\Users\Shailendra kumar\Desktop\masai-projects\masai-alumni\node_modules\.pnpm\ts-node@10.9.1_@swc+core@1.3.95_@types+node@18.17.2_typescript@5.1.3\node_modules\ts-node\src\index.ts:1617:30)
    at Module._extensions..js (node:internal/modules/cjs/loader:1435:10)
    at Object.require.extensions.<computed> [as .ts] (C:\Users\Shailendra kumar\Desktop\masai-projects\masai-alumni\node_modules\.pnpm\ts-node@10.9.1_@swc+core@1.3.95_@types+node@18.17.2_typescript@5.1.3\node_modules\ts-node\src\index.ts:1621:12)
    at Module.load (node:internal/modules/cjs/loader:1207:32)
    at Function.Module._load (node:internal/modules/cjs/loader:1023:12)
    at Module.require (node:internal/modules/cjs/loader:1235:19)
2023-12-15 17:21:49 error: uncaughtException: ⨯ Unable to compile TypeScript:
src/services/notice.service.ts(40,32): error TS1003: Identifier expected.

TSError: ⨯ Unable to compile TypeScript:
src/services/notice.service.ts(40,32): error TS1003: Identifier expected.

    at createTSError (C:\Users\Shailendra kumar\Desktop\masai-projects\masai-alumni\node_modules\.pnpm\ts-node@10.9.1_@swc+core@1.3.95_@types+node@18.17.2_typescript@5.1.3\node_modules\ts-node\src\index.ts:859:12)
    at reportTSError (C:\Users\Shailendra kumar\Desktop\masai-projects\masai-alumni\node_modules\.pnpm\ts-node@10.9.1_@swc+core@1.3.95_@types+node@18.17.2_typescript@5.1.3\node_modules\ts-node\src\index.ts:863:19)
    at C:\Users\Shailendra kumar\Desktop\masai-projects\masai-alumni\node_modules\.pnpm\ts-node@10.9.1_@swc+core@1.3.95_@types+node@18.17.2_typescript@5.1.3\node_modules\ts-node\src\index.ts:1379:34
    at Object.compile (C:\Users\Shailendra kumar\Desktop\masai-projects\masai-alumni\node_modules\.pnpm\ts-node@10.9.1_@swc+core@1.3.95_@types+node@18.17.2_typescript@5.1.3\node_modules\ts-node\src\index.ts:1458:13)
    at Module.m._compile (C:\Users\Shailendra kumar\Desktop\masai-projects\masai-alumni\node_modules\.pnpm\ts-node@10.9.1_@swc+core@1.3.95_@types+node@18.17.2_typescript@5.1.3\node_modules\ts-node\src\index.ts:1617:30)
    at Module._extensions..js (node:internal/modules/cjs/loader:1435:10)
    at Object.require.extensions.<computed> [as .ts] (C:\Users\Shailendra kumar\Desktop\masai-projects\masai-alumni\node_modules\.pnpm\ts-node@10.9.1_@swc+core@1.3.95_@types+node@18.17.2_typescript@5.1.3\node_modules\ts-node\src\index.ts:1621:12)
    at Module.load (node:internal/modules/cjs/loader:1207:32)
    at Function.Module._load (node:internal/modules/cjs/loader:1023:12)
    at Module.require (node:internal/modules/cjs/loader:1235:19)
2023-12-15 17:21:57 error: uncaughtException: ⨯ Unable to compile TypeScript:
src/services/notice.service.ts(41,32): error TS1003: Identifier expected.

TSError: ⨯ Unable to compile TypeScript:
src/services/notice.service.ts(41,32): error TS1003: Identifier expected.

    at createTSError (C:\Users\Shailendra kumar\Desktop\masai-projects\masai-alumni\node_modules\.pnpm\ts-node@10.9.1_@swc+core@1.3.95_@types+node@18.17.2_typescript@5.1.3\node_modules\ts-node\src\index.ts:859:12)
    at reportTSError (C:\Users\Shailendra kumar\Desktop\masai-projects\masai-alumni\node_modules\.pnpm\ts-node@10.9.1_@swc+core@1.3.95_@types+node@18.17.2_typescript@5.1.3\node_modules\ts-node\src\index.ts:863:19)
    at C:\Users\Shailendra kumar\Desktop\masai-projects\masai-alumni\node_modules\.pnpm\ts-node@10.9.1_@swc+core@1.3.95_@types+node@18.17.2_typescript@5.1.3\node_modules\ts-node\src\index.ts:1379:34
    at Object.compile (C:\Users\Shailendra kumar\Desktop\masai-projects\masai-alumni\node_modules\.pnpm\ts-node@10.9.1_@swc+core@1.3.95_@types+node@18.17.2_typescript@5.1.3\node_modules\ts-node\src\index.ts:1458:13)
    at Module.m._compile (C:\Users\Shailendra kumar\Desktop\masai-projects\masai-alumni\node_modules\.pnpm\ts-node@10.9.1_@swc+core@1.3.95_@types+node@18.17.2_typescript@5.1.3\node_modules\ts-node\src\index.ts:1617:30)
    at Module._extensions..js (node:internal/modules/cjs/loader:1435:10)
    at Object.require.extensions.<computed> [as .ts] (C:\Users\Shailendra kumar\Desktop\masai-projects\masai-alumni\node_modules\.pnpm\ts-node@10.9.1_@swc+core@1.3.95_@types+node@18.17.2_typescript@5.1.3\node_modules\ts-node\src\index.ts:1621:12)
    at Module.load (node:internal/modules/cjs/loader:1207:32)
    at Function.Module._load (node:internal/modules/cjs/loader:1023:12)
    at Module.require (node:internal/modules/cjs/loader:1235:19)
2023-12-15 17:22:10 error: uncaughtException: ⨯ Unable to compile TypeScript:
src/services/notice.service.ts(41,32): error TS1003: Identifier expected.

TSError: ⨯ Unable to compile TypeScript:
src/services/notice.service.ts(41,32): error TS1003: Identifier expected.

    at createTSError (C:\Users\Shailendra kumar\Desktop\masai-projects\masai-alumni\node_modules\.pnpm\ts-node@10.9.1_@swc+core@1.3.95_@types+node@18.17.2_typescript@5.1.3\node_modules\ts-node\src\index.ts:859:12)
    at reportTSError (C:\Users\Shailendra kumar\Desktop\masai-projects\masai-alumni\node_modules\.pnpm\ts-node@10.9.1_@swc+core@1.3.95_@types+node@18.17.2_typescript@5.1.3\node_modules\ts-node\src\index.ts:863:19)
    at C:\Users\Shailendra kumar\Desktop\masai-projects\masai-alumni\node_modules\.pnpm\ts-node@10.9.1_@swc+core@1.3.95_@types+node@18.17.2_typescript@5.1.3\node_modules\ts-node\src\index.ts:1379:34
    at Object.compile (C:\Users\Shailendra kumar\Desktop\masai-projects\masai-alumni\node_modules\.pnpm\ts-node@10.9.1_@swc+core@1.3.95_@types+node@18.17.2_typescript@5.1.3\node_modules\ts-node\src\index.ts:1458:13)
    at Module.m._compile (C:\Users\Shailendra kumar\Desktop\masai-projects\masai-alumni\node_modules\.pnpm\ts-node@10.9.1_@swc+core@1.3.95_@types+node@18.17.2_typescript@5.1.3\node_modules\ts-node\src\index.ts:1617:30)
    at Module._extensions..js (node:internal/modules/cjs/loader:1435:10)
    at Object.require.extensions.<computed> [as .ts] (C:\Users\Shailendra kumar\Desktop\masai-projects\masai-alumni\node_modules\.pnpm\ts-node@10.9.1_@swc+core@1.3.95_@types+node@18.17.2_typescript@5.1.3\node_modules\ts-node\src\index.ts:1621:12)
    at Module.load (node:internal/modules/cjs/loader:1207:32)
    at Function.Module._load (node:internal/modules/cjs/loader:1023:12)
    at Module.require (node:internal/modules/cjs/loader:1235:19)
2023-12-15 17:22:42 error: uncaughtException: ⨯ Unable to compile TypeScript:
src/services/notice.service.ts(41,32): error TS1003: Identifier expected.

TSError: ⨯ Unable to compile TypeScript:
src/services/notice.service.ts(41,32): error TS1003: Identifier expected.

    at createTSError (C:\Users\Shailendra kumar\Desktop\masai-projects\masai-alumni\node_modules\.pnpm\ts-node@10.9.1_@swc+core@1.3.95_@types+node@18.17.2_typescript@5.1.3\node_modules\ts-node\src\index.ts:859:12)
    at reportTSError (C:\Users\Shailendra kumar\Desktop\masai-projects\masai-alumni\node_modules\.pnpm\ts-node@10.9.1_@swc+core@1.3.95_@types+node@18.17.2_typescript@5.1.3\node_modules\ts-node\src\index.ts:863:19)
    at C:\Users\Shailendra kumar\Desktop\masai-projects\masai-alumni\node_modules\.pnpm\ts-node@10.9.1_@swc+core@1.3.95_@types+node@18.17.2_typescript@5.1.3\node_modules\ts-node\src\index.ts:1379:34
    at Object.compile (C:\Users\Shailendra kumar\Desktop\masai-projects\masai-alumni\node_modules\.pnpm\ts-node@10.9.1_@swc+core@1.3.95_@types+node@18.17.2_typescript@5.1.3\node_modules\ts-node\src\index.ts:1458:13)
    at Module.m._compile (C:\Users\Shailendra kumar\Desktop\masai-projects\masai-alumni\node_modules\.pnpm\ts-node@10.9.1_@swc+core@1.3.95_@types+node@18.17.2_typescript@5.1.3\node_modules\ts-node\src\index.ts:1617:30)
    at Module._extensions..js (node:internal/modules/cjs/loader:1435:10)
    at Object.require.extensions.<computed> [as .ts] (C:\Users\Shailendra kumar\Desktop\masai-projects\masai-alumni\node_modules\.pnpm\ts-node@10.9.1_@swc+core@1.3.95_@types+node@18.17.2_typescript@5.1.3\node_modules\ts-node\src\index.ts:1621:12)
    at Module.load (node:internal/modules/cjs/loader:1207:32)
    at Function.Module._load (node:internal/modules/cjs/loader:1023:12)
    at Module.require (node:internal/modules/cjs/loader:1235:19)
2023-12-15 17:22:48 error: uncaughtException: ⨯ Unable to compile TypeScript:
src/services/notice.service.ts(41,47): error TS1003: Identifier expected.

TSError: ⨯ Unable to compile TypeScript:
src/services/notice.service.ts(41,47): error TS1003: Identifier expected.

    at createTSError (C:\Users\Shailendra kumar\Desktop\masai-projects\masai-alumni\node_modules\.pnpm\ts-node@10.9.1_@swc+core@1.3.95_@types+node@18.17.2_typescript@5.1.3\node_modules\ts-node\src\index.ts:859:12)
    at reportTSError (C:\Users\Shailendra kumar\Desktop\masai-projects\masai-alumni\node_modules\.pnpm\ts-node@10.9.1_@swc+core@1.3.95_@types+node@18.17.2_typescript@5.1.3\node_modules\ts-node\src\index.ts:863:19)
    at C:\Users\Shailendra kumar\Desktop\masai-projects\masai-alumni\node_modules\.pnpm\ts-node@10.9.1_@swc+core@1.3.95_@types+node@18.17.2_typescript@5.1.3\node_modules\ts-node\src\index.ts:1379:34
    at Object.compile (C:\Users\Shailendra kumar\Desktop\masai-projects\masai-alumni\node_modules\.pnpm\ts-node@10.9.1_@swc+core@1.3.95_@types+node@18.17.2_typescript@5.1.3\node_modules\ts-node\src\index.ts:1458:13)
    at Module.m._compile (C:\Users\Shailendra kumar\Desktop\masai-projects\masai-alumni\node_modules\.pnpm\ts-node@10.9.1_@swc+core@1.3.95_@types+node@18.17.2_typescript@5.1.3\node_modules\ts-node\src\index.ts:1617:30)
    at Module._extensions..js (node:internal/modules/cjs/loader:1435:10)
    at Object.require.extensions.<computed> [as .ts] (C:\Users\Shailendra kumar\Desktop\masai-projects\masai-alumni\node_modules\.pnpm\ts-node@10.9.1_@swc+core@1.3.95_@types+node@18.17.2_typescript@5.1.3\node_modules\ts-node\src\index.ts:1621:12)
    at Module.load (node:internal/modules/cjs/loader:1207:32)
    at Function.Module._load (node:internal/modules/cjs/loader:1023:12)
    at Module.require (node:internal/modules/cjs/loader:1235:19)
2023-12-15 17:24:20 error: uncaughtException: ⨯ Unable to compile TypeScript:
src/services/notice.service.ts(53,38): error TS1005: ',' expected.
src/services/notice.service.ts(53,39): error TS1003: Identifier expected.

TSError: ⨯ Unable to compile TypeScript:
src/services/notice.service.ts(53,38): error TS1005: ',' expected.
src/services/notice.service.ts(53,39): error TS1003: Identifier expected.

    at createTSError (C:\Users\Shailendra kumar\Desktop\masai-projects\masai-alumni\node_modules\.pnpm\ts-node@10.9.1_@swc+core@1.3.95_@types+node@18.17.2_typescript@5.1.3\node_modules\ts-node\src\index.ts:859:12)
    at reportTSError (C:\Users\Shailendra kumar\Desktop\masai-projects\masai-alumni\node_modules\.pnpm\ts-node@10.9.1_@swc+core@1.3.95_@types+node@18.17.2_typescript@5.1.3\node_modules\ts-node\src\index.ts:863:19)
    at C:\Users\Shailendra kumar\Desktop\masai-projects\masai-alumni\node_modules\.pnpm\ts-node@10.9.1_@swc+core@1.3.95_@types+node@18.17.2_typescript@5.1.3\node_modules\ts-node\src\index.ts:1379:34
    at Object.compile (C:\Users\Shailendra kumar\Desktop\masai-projects\masai-alumni\node_modules\.pnpm\ts-node@10.9.1_@swc+core@1.3.95_@types+node@18.17.2_typescript@5.1.3\node_modules\ts-node\src\index.ts:1458:13)
    at Module.m._compile (C:\Users\Shailendra kumar\Desktop\masai-projects\masai-alumni\node_modules\.pnpm\ts-node@10.9.1_@swc+core@1.3.95_@types+node@18.17.2_typescript@5.1.3\node_modules\ts-node\src\index.ts:1617:30)
    at Module._extensions..js (node:internal/modules/cjs/loader:1435:10)
    at Object.require.extensions.<computed> [as .ts] (C:\Users\Shailendra kumar\Desktop\masai-projects\masai-alumni\node_modules\.pnpm\ts-node@10.9.1_@swc+core@1.3.95_@types+node@18.17.2_typescript@5.1.3\node_modules\ts-node\src\index.ts:1621:12)
    at Module.load (node:internal/modules/cjs/loader:1207:32)
    at Function.Module._load (node:internal/modules/cjs/loader:1023:12)
    at Module.require (node:internal/modules/cjs/loader:1235:19)
2023-12-15 17:24:34 error: uncaughtException: ⨯ Unable to compile TypeScript:
src/services/notice.service.ts(53,44): error TS1003: Identifier expected.

TSError: ⨯ Unable to compile TypeScript:
src/services/notice.service.ts(53,44): error TS1003: Identifier expected.

    at createTSError (C:\Users\Shailendra kumar\Desktop\masai-projects\masai-alumni\node_modules\.pnpm\ts-node@10.9.1_@swc+core@1.3.95_@types+node@18.17.2_typescript@5.1.3\node_modules\ts-node\src\index.ts:859:12)
    at reportTSError (C:\Users\Shailendra kumar\Desktop\masai-projects\masai-alumni\node_modules\.pnpm\ts-node@10.9.1_@swc+core@1.3.95_@types+node@18.17.2_typescript@5.1.3\node_modules\ts-node\src\index.ts:863:19)
    at C:\Users\Shailendra kumar\Desktop\masai-projects\masai-alumni\node_modules\.pnpm\ts-node@10.9.1_@swc+core@1.3.95_@types+node@18.17.2_typescript@5.1.3\node_modules\ts-node\src\index.ts:1379:34
    at Object.compile (C:\Users\Shailendra kumar\Desktop\masai-projects\masai-alumni\node_modules\.pnpm\ts-node@10.9.1_@swc+core@1.3.95_@types+node@18.17.2_typescript@5.1.3\node_modules\ts-node\src\index.ts:1458:13)
    at Module.m._compile (C:\Users\Shailendra kumar\Desktop\masai-projects\masai-alumni\node_modules\.pnpm\ts-node@10.9.1_@swc+core@1.3.95_@types+node@18.17.2_typescript@5.1.3\node_modules\ts-node\src\index.ts:1617:30)
    at Module._extensions..js (node:internal/modules/cjs/loader:1435:10)
    at Object.require.extensions.<computed> [as .ts] (C:\Users\Shailendra kumar\Desktop\masai-projects\masai-alumni\node_modules\.pnpm\ts-node@10.9.1_@swc+core@1.3.95_@types+node@18.17.2_typescript@5.1.3\node_modules\ts-node\src\index.ts:1621:12)
    at Module.load (node:internal/modules/cjs/loader:1207:32)
    at Function.Module._load (node:internal/modules/cjs/loader:1023:12)
    at Module.require (node:internal/modules/cjs/loader:1235:19)
2023-12-15 17:24:46 error: uncaughtException: ⨯ Unable to compile TypeScript:
src/services/notice.service.ts(53,55): error TS1003: Identifier expected.

TSError: ⨯ Unable to compile TypeScript:
src/services/notice.service.ts(53,55): error TS1003: Identifier expected.

    at createTSError (C:\Users\Shailendra kumar\Desktop\masai-projects\masai-alumni\node_modules\.pnpm\ts-node@10.9.1_@swc+core@1.3.95_@types+node@18.17.2_typescript@5.1.3\node_modules\ts-node\src\index.ts:859:12)
    at reportTSError (C:\Users\Shailendra kumar\Desktop\masai-projects\masai-alumni\node_modules\.pnpm\ts-node@10.9.1_@swc+core@1.3.95_@types+node@18.17.2_typescript@5.1.3\node_modules\ts-node\src\index.ts:863:19)
    at C:\Users\Shailendra kumar\Desktop\masai-projects\masai-alumni\node_modules\.pnpm\ts-node@10.9.1_@swc+core@1.3.95_@types+node@18.17.2_typescript@5.1.3\node_modules\ts-node\src\index.ts:1379:34
    at Object.compile (C:\Users\Shailendra kumar\Desktop\masai-projects\masai-alumni\node_modules\.pnpm\ts-node@10.9.1_@swc+core@1.3.95_@types+node@18.17.2_typescript@5.1.3\node_modules\ts-node\src\index.ts:1458:13)
    at Module.m._compile (C:\Users\Shailendra kumar\Desktop\masai-projects\masai-alumni\node_modules\.pnpm\ts-node@10.9.1_@swc+core@1.3.95_@types+node@18.17.2_typescript@5.1.3\node_modules\ts-node\src\index.ts:1617:30)
    at Module._extensions..js (node:internal/modules/cjs/loader:1435:10)
    at Object.require.extensions.<computed> [as .ts] (C:\Users\Shailendra kumar\Desktop\masai-projects\masai-alumni\node_modules\.pnpm\ts-node@10.9.1_@swc+core@1.3.95_@types+node@18.17.2_typescript@5.1.3\node_modules\ts-node\src\index.ts:1621:12)
    at Module.load (node:internal/modules/cjs/loader:1207:32)
    at Function.Module._load (node:internal/modules/cjs/loader:1023:12)
    at Module.require (node:internal/modules/cjs/loader:1235:19)
2023-12-15 17:24:51 error: uncaughtException: ⨯ Unable to compile TypeScript:
src/services/notice.service.ts(53,37): error TS1109: Expression expected.

TSError: ⨯ Unable to compile TypeScript:
src/services/notice.service.ts(53,37): error TS1109: Expression expected.

    at createTSError (C:\Users\Shailendra kumar\Desktop\masai-projects\masai-alumni\node_modules\.pnpm\ts-node@10.9.1_@swc+core@1.3.95_@types+node@18.17.2_typescript@5.1.3\node_modules\ts-node\src\index.ts:859:12)
    at reportTSError (C:\Users\Shailendra kumar\Desktop\masai-projects\masai-alumni\node_modules\.pnpm\ts-node@10.9.1_@swc+core@1.3.95_@types+node@18.17.2_typescript@5.1.3\node_modules\ts-node\src\index.ts:863:19)
    at C:\Users\Shailendra kumar\Desktop\masai-projects\masai-alumni\node_modules\.pnpm\ts-node@10.9.1_@swc+core@1.3.95_@types+node@18.17.2_typescript@5.1.3\node_modules\ts-node\src\index.ts:1379:34
    at Object.compile (C:\Users\Shailendra kumar\Desktop\masai-projects\masai-alumni\node_modules\.pnpm\ts-node@10.9.1_@swc+core@1.3.95_@types+node@18.17.2_typescript@5.1.3\node_modules\ts-node\src\index.ts:1458:13)
    at Module.m._compile (C:\Users\Shailendra kumar\Desktop\masai-projects\masai-alumni\node_modules\.pnpm\ts-node@10.9.1_@swc+core@1.3.95_@types+node@18.17.2_typescript@5.1.3\node_modules\ts-node\src\index.ts:1617:30)
    at Module._extensions..js (node:internal/modules/cjs/loader:1435:10)
    at Object.require.extensions.<computed> [as .ts] (C:\Users\Shailendra kumar\Desktop\masai-projects\masai-alumni\node_modules\.pnpm\ts-node@10.9.1_@swc+core@1.3.95_@types+node@18.17.2_typescript@5.1.3\node_modules\ts-node\src\index.ts:1621:12)
    at Module.load (node:internal/modules/cjs/loader:1207:32)
    at Function.Module._load (node:internal/modules/cjs/loader:1023:12)
    at Module.require (node:internal/modules/cjs/loader:1235:19)
2023-12-15 17:24:53 error: uncaughtException: ⨯ Unable to compile TypeScript:
src/services/notice.service.ts(54,37): error TS1109: Expression expected.

TSError: ⨯ Unable to compile TypeScript:
src/services/notice.service.ts(54,37): error TS1109: Expression expected.

    at createTSError (C:\Users\Shailendra kumar\Desktop\masai-projects\masai-alumni\node_modules\.pnpm\ts-node@10.9.1_@swc+core@1.3.95_@types+node@18.17.2_typescript@5.1.3\node_modules\ts-node\src\index.ts:859:12)
    at reportTSError (C:\Users\Shailendra kumar\Desktop\masai-projects\masai-alumni\node_modules\.pnpm\ts-node@10.9.1_@swc+core@1.3.95_@types+node@18.17.2_typescript@5.1.3\node_modules\ts-node\src\index.ts:863:19)
    at C:\Users\Shailendra kumar\Desktop\masai-projects\masai-alumni\node_modules\.pnpm\ts-node@10.9.1_@swc+core@1.3.95_@types+node@18.17.2_typescript@5.1.3\node_modules\ts-node\src\index.ts:1379:34
    at Object.compile (C:\Users\Shailendra kumar\Desktop\masai-projects\masai-alumni\node_modules\.pnpm\ts-node@10.9.1_@swc+core@1.3.95_@types+node@18.17.2_typescript@5.1.3\node_modules\ts-node\src\index.ts:1458:13)
    at Module.m._compile (C:\Users\Shailendra kumar\Desktop\masai-projects\masai-alumni\node_modules\.pnpm\ts-node@10.9.1_@swc+core@1.3.95_@types+node@18.17.2_typescript@5.1.3\node_modules\ts-node\src\index.ts:1617:30)
    at Module._extensions..js (node:internal/modules/cjs/loader:1435:10)
    at Object.require.extensions.<computed> [as .ts] (C:\Users\Shailendra kumar\Desktop\masai-projects\masai-alumni\node_modules\.pnpm\ts-node@10.9.1_@swc+core@1.3.95_@types+node@18.17.2_typescript@5.1.3\node_modules\ts-node\src\index.ts:1621:12)
    at Module.load (node:internal/modules/cjs/loader:1207:32)
    at Function.Module._load (node:internal/modules/cjs/loader:1023:12)
    at Module.require (node:internal/modules/cjs/loader:1235:19)
2023-12-15 17:24:57 error: uncaughtException: ⨯ Unable to compile TypeScript:
src/services/notice.service.ts(54,37): error TS1109: Expression expected.

TSError: ⨯ Unable to compile TypeScript:
src/services/notice.service.ts(54,37): error TS1109: Expression expected.

    at createTSError (C:\Users\Shailendra kumar\Desktop\masai-projects\masai-alumni\node_modules\.pnpm\ts-node@10.9.1_@swc+core@1.3.95_@types+node@18.17.2_typescript@5.1.3\node_modules\ts-node\src\index.ts:859:12)
    at reportTSError (C:\Users\Shailendra kumar\Desktop\masai-projects\masai-alumni\node_modules\.pnpm\ts-node@10.9.1_@swc+core@1.3.95_@types+node@18.17.2_typescript@5.1.3\node_modules\ts-node\src\index.ts:863:19)
    at C:\Users\Shailendra kumar\Desktop\masai-projects\masai-alumni\node_modules\.pnpm\ts-node@10.9.1_@swc+core@1.3.95_@types+node@18.17.2_typescript@5.1.3\node_modules\ts-node\src\index.ts:1379:34
    at Object.compile (C:\Users\Shailendra kumar\Desktop\masai-projects\masai-alumni\node_modules\.pnpm\ts-node@10.9.1_@swc+core@1.3.95_@types+node@18.17.2_typescript@5.1.3\node_modules\ts-node\src\index.ts:1458:13)
    at Module.m._compile (C:\Users\Shailendra kumar\Desktop\masai-projects\masai-alumni\node_modules\.pnpm\ts-node@10.9.1_@swc+core@1.3.95_@types+node@18.17.2_typescript@5.1.3\node_modules\ts-node\src\index.ts:1617:30)
    at Module._extensions..js (node:internal/modules/cjs/loader:1435:10)
    at Object.require.extensions.<computed> [as .ts] (C:\Users\Shailendra kumar\Desktop\masai-projects\masai-alumni\node_modules\.pnpm\ts-node@10.9.1_@swc+core@1.3.95_@types+node@18.17.2_typescript@5.1.3\node_modules\ts-node\src\index.ts:1621:12)
    at Module.load (node:internal/modules/cjs/loader:1207:32)
    at Function.Module._load (node:internal/modules/cjs/loader:1023:12)
    at Module.require (node:internal/modules/cjs/loader:1235:19)
2023-12-15 17:25:05 error: uncaughtException: ⨯ Unable to compile TypeScript:
src/services/notice.service.ts(54,37): error TS1109: Expression expected.

TSError: ⨯ Unable to compile TypeScript:
src/services/notice.service.ts(54,37): error TS1109: Expression expected.

    at createTSError (C:\Users\Shailendra kumar\Desktop\masai-projects\masai-alumni\node_modules\.pnpm\ts-node@10.9.1_@swc+core@1.3.95_@types+node@18.17.2_typescript@5.1.3\node_modules\ts-node\src\index.ts:859:12)
    at reportTSError (C:\Users\Shailendra kumar\Desktop\masai-projects\masai-alumni\node_modules\.pnpm\ts-node@10.9.1_@swc+core@1.3.95_@types+node@18.17.2_typescript@5.1.3\node_modules\ts-node\src\index.ts:863:19)
    at C:\Users\Shailendra kumar\Desktop\masai-projects\masai-alumni\node_modules\.pnpm\ts-node@10.9.1_@swc+core@1.3.95_@types+node@18.17.2_typescript@5.1.3\node_modules\ts-node\src\index.ts:1379:34
    at Object.compile (C:\Users\Shailendra kumar\Desktop\masai-projects\masai-alumni\node_modules\.pnpm\ts-node@10.9.1_@swc+core@1.3.95_@types+node@18.17.2_typescript@5.1.3\node_modules\ts-node\src\index.ts:1458:13)
    at Module.m._compile (C:\Users\Shailendra kumar\Desktop\masai-projects\masai-alumni\node_modules\.pnpm\ts-node@10.9.1_@swc+core@1.3.95_@types+node@18.17.2_typescript@5.1.3\node_modules\ts-node\src\index.ts:1617:30)
    at Module._extensions..js (node:internal/modules/cjs/loader:1435:10)
    at Object.require.extensions.<computed> [as .ts] (C:\Users\Shailendra kumar\Desktop\masai-projects\masai-alumni\node_modules\.pnpm\ts-node@10.9.1_@swc+core@1.3.95_@types+node@18.17.2_typescript@5.1.3\node_modules\ts-node\src\index.ts:1621:12)
    at Module.load (node:internal/modules/cjs/loader:1207:32)
    at Function.Module._load (node:internal/modules/cjs/loader:1023:12)
    at Module.require (node:internal/modules/cjs/loader:1235:19)
2023-12-15 17:25:12 error: uncaughtException: ⨯ Unable to compile TypeScript:
src/services/notice.service.ts(54,8): error TS1109: Expression expected.
src/services/notice.service.ts(54,37): error TS1109: Expression expected.

TSError: ⨯ Unable to compile TypeScript:
src/services/notice.service.ts(54,8): error TS1109: Expression expected.
src/services/notice.service.ts(54,37): error TS1109: Expression expected.

    at createTSError (C:\Users\Shailendra kumar\Desktop\masai-projects\masai-alumni\node_modules\.pnpm\ts-node@10.9.1_@swc+core@1.3.95_@types+node@18.17.2_typescript@5.1.3\node_modules\ts-node\src\index.ts:859:12)
    at reportTSError (C:\Users\Shailendra kumar\Desktop\masai-projects\masai-alumni\node_modules\.pnpm\ts-node@10.9.1_@swc+core@1.3.95_@types+node@18.17.2_typescript@5.1.3\node_modules\ts-node\src\index.ts:863:19)
    at C:\Users\Shailendra kumar\Desktop\masai-projects\masai-alumni\node_modules\.pnpm\ts-node@10.9.1_@swc+core@1.3.95_@types+node@18.17.2_typescript@5.1.3\node_modules\ts-node\src\index.ts:1379:34
    at Object.compile (C:\Users\Shailendra kumar\Desktop\masai-projects\masai-alumni\node_modules\.pnpm\ts-node@10.9.1_@swc+core@1.3.95_@types+node@18.17.2_typescript@5.1.3\node_modules\ts-node\src\index.ts:1458:13)
    at Module.m._compile (C:\Users\Shailendra kumar\Desktop\masai-projects\masai-alumni\node_modules\.pnpm\ts-node@10.9.1_@swc+core@1.3.95_@types+node@18.17.2_typescript@5.1.3\node_modules\ts-node\src\index.ts:1617:30)
    at Module._extensions..js (node:internal/modules/cjs/loader:1435:10)
    at Object.require.extensions.<computed> [as .ts] (C:\Users\Shailendra kumar\Desktop\masai-projects\masai-alumni\node_modules\.pnpm\ts-node@10.9.1_@swc+core@1.3.95_@types+node@18.17.2_typescript@5.1.3\node_modules\ts-node\src\index.ts:1621:12)
    at Module.load (node:internal/modules/cjs/loader:1207:32)
    at Function.Module._load (node:internal/modules/cjs/loader:1023:12)
    at Module.require (node:internal/modules/cjs/loader:1235:19)
2023-12-15 17:25:15 error: uncaughtException: ⨯ Unable to compile TypeScript:
src/services/notice.service.ts(54,37): error TS1109: Expression expected.

TSError: ⨯ Unable to compile TypeScript:
src/services/notice.service.ts(54,37): error TS1109: Expression expected.

    at createTSError (C:\Users\Shailendra kumar\Desktop\masai-projects\masai-alumni\node_modules\.pnpm\ts-node@10.9.1_@swc+core@1.3.95_@types+node@18.17.2_typescript@5.1.3\node_modules\ts-node\src\index.ts:859:12)
    at reportTSError (C:\Users\Shailendra kumar\Desktop\masai-projects\masai-alumni\node_modules\.pnpm\ts-node@10.9.1_@swc+core@1.3.95_@types+node@18.17.2_typescript@5.1.3\node_modules\ts-node\src\index.ts:863:19)
    at C:\Users\Shailendra kumar\Desktop\masai-projects\masai-alumni\node_modules\.pnpm\ts-node@10.9.1_@swc+core@1.3.95_@types+node@18.17.2_typescript@5.1.3\node_modules\ts-node\src\index.ts:1379:34
    at Object.compile (C:\Users\Shailendra kumar\Desktop\masai-projects\masai-alumni\node_modules\.pnpm\ts-node@10.9.1_@swc+core@1.3.95_@types+node@18.17.2_typescript@5.1.3\node_modules\ts-node\src\index.ts:1458:13)
    at Module.m._compile (C:\Users\Shailendra kumar\Desktop\masai-projects\masai-alumni\node_modules\.pnpm\ts-node@10.9.1_@swc+core@1.3.95_@types+node@18.17.2_typescript@5.1.3\node_modules\ts-node\src\index.ts:1617:30)
    at Module._extensions..js (node:internal/modules/cjs/loader:1435:10)
    at Object.require.extensions.<computed> [as .ts] (C:\Users\Shailendra kumar\Desktop\masai-projects\masai-alumni\node_modules\.pnpm\ts-node@10.9.1_@swc+core@1.3.95_@types+node@18.17.2_typescript@5.1.3\node_modules\ts-node\src\index.ts:1621:12)
    at Module.load (node:internal/modules/cjs/loader:1207:32)
    at Function.Module._load (node:internal/modules/cjs/loader:1023:12)
    at Module.require (node:internal/modules/cjs/loader:1235:19)
2023-12-15 17:25:17 error: uncaughtException: ⨯ Unable to compile TypeScript:
src/services/notice.service.ts(54,15): error TS1005: ',' expected.
src/services/notice.service.ts(54,37): error TS1003: Identifier expected.
src/services/notice.service.ts(54,46): error TS1003: Identifier expected.
src/services/notice.service.ts(54,56): error TS1005: ':' expected.

TSError: ⨯ Unable to compile TypeScript:
src/services/notice.service.ts(54,15): error TS1005: ',' expected.
src/services/notice.service.ts(54,37): error TS1003: Identifier expected.
src/services/notice.service.ts(54,46): error TS1003: Identifier expected.
src/services/notice.service.ts(54,56): error TS1005: ':' expected.

    at createTSError (C:\Users\Shailendra kumar\Desktop\masai-projects\masai-alumni\node_modules\.pnpm\ts-node@10.9.1_@swc+core@1.3.95_@types+node@18.17.2_typescript@5.1.3\node_modules\ts-node\src\index.ts:859:12)
    at reportTSError (C:\Users\Shailendra kumar\Desktop\masai-projects\masai-alumni\node_modules\.pnpm\ts-node@10.9.1_@swc+core@1.3.95_@types+node@18.17.2_typescript@5.1.3\node_modules\ts-node\src\index.ts:863:19)
    at C:\Users\Shailendra kumar\Desktop\masai-projects\masai-alumni\node_modules\.pnpm\ts-node@10.9.1_@swc+core@1.3.95_@types+node@18.17.2_typescript@5.1.3\node_modules\ts-node\src\index.ts:1379:34
    at Object.compile (C:\Users\Shailendra kumar\Desktop\masai-projects\masai-alumni\node_modules\.pnpm\ts-node@10.9.1_@swc+core@1.3.95_@types+node@18.17.2_typescript@5.1.3\node_modules\ts-node\src\index.ts:1458:13)
    at Module.m._compile (C:\Users\Shailendra kumar\Desktop\masai-projects\masai-alumni\node_modules\.pnpm\ts-node@10.9.1_@swc+core@1.3.95_@types+node@18.17.2_typescript@5.1.3\node_modules\ts-node\src\index.ts:1617:30)
    at Module._extensions..js (node:internal/modules/cjs/loader:1435:10)
    at Object.require.extensions.<computed> [as .ts] (C:\Users\Shailendra kumar\Desktop\masai-projects\masai-alumni\node_modules\.pnpm\ts-node@10.9.1_@swc+core@1.3.95_@types+node@18.17.2_typescript@5.1.3\node_modules\ts-node\src\index.ts:1621:12)
    at Module.load (node:internal/modules/cjs/loader:1207:32)
    at Function.Module._load (node:internal/modules/cjs/loader:1023:12)
    at Module.require (node:internal/modules/cjs/loader:1235:19)
2023-12-15 17:25:22 error: uncaughtException: ⨯ Unable to compile TypeScript:
src/services/notice.service.ts(54,37): error TS1109: Expression expected.

TSError: ⨯ Unable to compile TypeScript:
src/services/notice.service.ts(54,37): error TS1109: Expression expected.

    at createTSError (C:\Users\Shailendra kumar\Desktop\masai-projects\masai-alumni\node_modules\.pnpm\ts-node@10.9.1_@swc+core@1.3.95_@types+node@18.17.2_typescript@5.1.3\node_modules\ts-node\src\index.ts:859:12)
    at reportTSError (C:\Users\Shailendra kumar\Desktop\masai-projects\masai-alumni\node_modules\.pnpm\ts-node@10.9.1_@swc+core@1.3.95_@types+node@18.17.2_typescript@5.1.3\node_modules\ts-node\src\index.ts:863:19)
    at C:\Users\Shailendra kumar\Desktop\masai-projects\masai-alumni\node_modules\.pnpm\ts-node@10.9.1_@swc+core@1.3.95_@types+node@18.17.2_typescript@5.1.3\node_modules\ts-node\src\index.ts:1379:34
    at Object.compile (C:\Users\Shailendra kumar\Desktop\masai-projects\masai-alumni\node_modules\.pnpm\ts-node@10.9.1_@swc+core@1.3.95_@types+node@18.17.2_typescript@5.1.3\node_modules\ts-node\src\index.ts:1458:13)
    at Module.m._compile (C:\Users\Shailendra kumar\Desktop\masai-projects\masai-alumni\node_modules\.pnpm\ts-node@10.9.1_@swc+core@1.3.95_@types+node@18.17.2_typescript@5.1.3\node_modules\ts-node\src\index.ts:1617:30)
    at Module._extensions..js (node:internal/modules/cjs/loader:1435:10)
    at Object.require.extensions.<computed> [as .ts] (C:\Users\Shailendra kumar\Desktop\masai-projects\masai-alumni\node_modules\.pnpm\ts-node@10.9.1_@swc+core@1.3.95_@types+node@18.17.2_typescript@5.1.3\node_modules\ts-node\src\index.ts:1621:12)
    at Module.load (node:internal/modules/cjs/loader:1207:32)
    at Function.Module._load (node:internal/modules/cjs/loader:1023:12)
    at Module.require (node:internal/modules/cjs/loader:1235:19)
2023-12-15 17:25:24 error: uncaughtException: ⨯ Unable to compile TypeScript:
src/services/notice.service.ts(54,37): error TS1109: Expression expected.

TSError: ⨯ Unable to compile TypeScript:
src/services/notice.service.ts(54,37): error TS1109: Expression expected.

    at createTSError (C:\Users\Shailendra kumar\Desktop\masai-projects\masai-alumni\node_modules\.pnpm\ts-node@10.9.1_@swc+core@1.3.95_@types+node@18.17.2_typescript@5.1.3\node_modules\ts-node\src\index.ts:859:12)
    at reportTSError (C:\Users\Shailendra kumar\Desktop\masai-projects\masai-alumni\node_modules\.pnpm\ts-node@10.9.1_@swc+core@1.3.95_@types+node@18.17.2_typescript@5.1.3\node_modules\ts-node\src\index.ts:863:19)
    at C:\Users\Shailendra kumar\Desktop\masai-projects\masai-alumni\node_modules\.pnpm\ts-node@10.9.1_@swc+core@1.3.95_@types+node@18.17.2_typescript@5.1.3\node_modules\ts-node\src\index.ts:1379:34
    at Object.compile (C:\Users\Shailendra kumar\Desktop\masai-projects\masai-alumni\node_modules\.pnpm\ts-node@10.9.1_@swc+core@1.3.95_@types+node@18.17.2_typescript@5.1.3\node_modules\ts-node\src\index.ts:1458:13)
    at Module.m._compile (C:\Users\Shailendra kumar\Desktop\masai-projects\masai-alumni\node_modules\.pnpm\ts-node@10.9.1_@swc+core@1.3.95_@types+node@18.17.2_typescript@5.1.3\node_modules\ts-node\src\index.ts:1617:30)
    at Module._extensions..js (node:internal/modules/cjs/loader:1435:10)
    at Object.require.extensions.<computed> [as .ts] (C:\Users\Shailendra kumar\Desktop\masai-projects\masai-alumni\node_modules\.pnpm\ts-node@10.9.1_@swc+core@1.3.95_@types+node@18.17.2_typescript@5.1.3\node_modules\ts-node\src\index.ts:1621:12)
    at Module.load (node:internal/modules/cjs/loader:1207:32)
    at Function.Module._load (node:internal/modules/cjs/loader:1023:12)
    at Module.require (node:internal/modules/cjs/loader:1235:19)
2023-12-15 17:25:28 error: uncaughtException: ⨯ Unable to compile TypeScript:
src/services/notice.service.ts(54,37): error TS1109: Expression expected.

TSError: ⨯ Unable to compile TypeScript:
src/services/notice.service.ts(54,37): error TS1109: Expression expected.

    at createTSError (C:\Users\Shailendra kumar\Desktop\masai-projects\masai-alumni\node_modules\.pnpm\ts-node@10.9.1_@swc+core@1.3.95_@types+node@18.17.2_typescript@5.1.3\node_modules\ts-node\src\index.ts:859:12)
    at reportTSError (C:\Users\Shailendra kumar\Desktop\masai-projects\masai-alumni\node_modules\.pnpm\ts-node@10.9.1_@swc+core@1.3.95_@types+node@18.17.2_typescript@5.1.3\node_modules\ts-node\src\index.ts:863:19)
    at C:\Users\Shailendra kumar\Desktop\masai-projects\masai-alumni\node_modules\.pnpm\ts-node@10.9.1_@swc+core@1.3.95_@types+node@18.17.2_typescript@5.1.3\node_modules\ts-node\src\index.ts:1379:34
    at Object.compile (C:\Users\Shailendra kumar\Desktop\masai-projects\masai-alumni\node_modules\.pnpm\ts-node@10.9.1_@swc+core@1.3.95_@types+node@18.17.2_typescript@5.1.3\node_modules\ts-node\src\index.ts:1458:13)
    at Module.m._compile (C:\Users\Shailendra kumar\Desktop\masai-projects\masai-alumni\node_modules\.pnpm\ts-node@10.9.1_@swc+core@1.3.95_@types+node@18.17.2_typescript@5.1.3\node_modules\ts-node\src\index.ts:1617:30)
    at Module._extensions..js (node:internal/modules/cjs/loader:1435:10)
    at Object.require.extensions.<computed> [as .ts] (C:\Users\Shailendra kumar\Desktop\masai-projects\masai-alumni\node_modules\.pnpm\ts-node@10.9.1_@swc+core@1.3.95_@types+node@18.17.2_typescript@5.1.3\node_modules\ts-node\src\index.ts:1621:12)
    at Module.load (node:internal/modules/cjs/loader:1207:32)
    at Function.Module._load (node:internal/modules/cjs/loader:1023:12)
    at Module.require (node:internal/modules/cjs/loader:1235:19)
2023-12-15 17:25:34 error: uncaughtException: ⨯ Unable to compile TypeScript:
src/services/notice.service.ts(55,37): error TS1109: Expression expected.

TSError: ⨯ Unable to compile TypeScript:
src/services/notice.service.ts(55,37): error TS1109: Expression expected.

    at createTSError (C:\Users\Shailendra kumar\Desktop\masai-projects\masai-alumni\node_modules\.pnpm\ts-node@10.9.1_@swc+core@1.3.95_@types+node@18.17.2_typescript@5.1.3\node_modules\ts-node\src\index.ts:859:12)
    at reportTSError (C:\Users\Shailendra kumar\Desktop\masai-projects\masai-alumni\node_modules\.pnpm\ts-node@10.9.1_@swc+core@1.3.95_@types+node@18.17.2_typescript@5.1.3\node_modules\ts-node\src\index.ts:863:19)
    at C:\Users\Shailendra kumar\Desktop\masai-projects\masai-alumni\node_modules\.pnpm\ts-node@10.9.1_@swc+core@1.3.95_@types+node@18.17.2_typescript@5.1.3\node_modules\ts-node\src\index.ts:1379:34
    at Object.compile (C:\Users\Shailendra kumar\Desktop\masai-projects\masai-alumni\node_modules\.pnpm\ts-node@10.9.1_@swc+core@1.3.95_@types+node@18.17.2_typescript@5.1.3\node_modules\ts-node\src\index.ts:1458:13)
    at Module.m._compile (C:\Users\Shailendra kumar\Desktop\masai-projects\masai-alumni\node_modules\.pnpm\ts-node@10.9.1_@swc+core@1.3.95_@types+node@18.17.2_typescript@5.1.3\node_modules\ts-node\src\index.ts:1617:30)
    at Module._extensions..js (node:internal/modules/cjs/loader:1435:10)
    at Object.require.extensions.<computed> [as .ts] (C:\Users\Shailendra kumar\Desktop\masai-projects\masai-alumni\node_modules\.pnpm\ts-node@10.9.1_@swc+core@1.3.95_@types+node@18.17.2_typescript@5.1.3\node_modules\ts-node\src\index.ts:1621:12)
    at Module.load (node:internal/modules/cjs/loader:1207:32)
    at Function.Module._load (node:internal/modules/cjs/loader:1023:12)
    at Module.require (node:internal/modules/cjs/loader:1235:19)
2023-12-15 17:25:36 error: uncaughtException: ⨯ Unable to compile TypeScript:
src/services/notice.service.ts(55,37): error TS1109: Expression expected.

TSError: ⨯ Unable to compile TypeScript:
src/services/notice.service.ts(55,37): error TS1109: Expression expected.

    at createTSError (C:\Users\Shailendra kumar\Desktop\masai-projects\masai-alumni\node_modules\.pnpm\ts-node@10.9.1_@swc+core@1.3.95_@types+node@18.17.2_typescript@5.1.3\node_modules\ts-node\src\index.ts:859:12)
    at reportTSError (C:\Users\Shailendra kumar\Desktop\masai-projects\masai-alumni\node_modules\.pnpm\ts-node@10.9.1_@swc+core@1.3.95_@types+node@18.17.2_typescript@5.1.3\node_modules\ts-node\src\index.ts:863:19)
    at C:\Users\Shailendra kumar\Desktop\masai-projects\masai-alumni\node_modules\.pnpm\ts-node@10.9.1_@swc+core@1.3.95_@types+node@18.17.2_typescript@5.1.3\node_modules\ts-node\src\index.ts:1379:34
    at Object.compile (C:\Users\Shailendra kumar\Desktop\masai-projects\masai-alumni\node_modules\.pnpm\ts-node@10.9.1_@swc+core@1.3.95_@types+node@18.17.2_typescript@5.1.3\node_modules\ts-node\src\index.ts:1458:13)
    at Module.m._compile (C:\Users\Shailendra kumar\Desktop\masai-projects\masai-alumni\node_modules\.pnpm\ts-node@10.9.1_@swc+core@1.3.95_@types+node@18.17.2_typescript@5.1.3\node_modules\ts-node\src\index.ts:1617:30)
    at Module._extensions..js (node:internal/modules/cjs/loader:1435:10)
    at Object.require.extensions.<computed> [as .ts] (C:\Users\Shailendra kumar\Desktop\masai-projects\masai-alumni\node_modules\.pnpm\ts-node@10.9.1_@swc+core@1.3.95_@types+node@18.17.2_typescript@5.1.3\node_modules\ts-node\src\index.ts:1621:12)
    at Module.load (node:internal/modules/cjs/loader:1207:32)
    at Function.Module._load (node:internal/modules/cjs/loader:1023:12)
    at Module.require (node:internal/modules/cjs/loader:1235:19)
2023-12-15 17:25:40 error: uncaughtException: ⨯ Unable to compile TypeScript:
src/services/notice.service.ts(43,7): error TS1109: Expression expected.
src/services/notice.service.ts(55,37): error TS1109: Expression expected.

TSError: ⨯ Unable to compile TypeScript:
src/services/notice.service.ts(43,7): error TS1109: Expression expected.
src/services/notice.service.ts(55,37): error TS1109: Expression expected.

    at createTSError (C:\Users\Shailendra kumar\Desktop\masai-projects\masai-alumni\node_modules\.pnpm\ts-node@10.9.1_@swc+core@1.3.95_@types+node@18.17.2_typescript@5.1.3\node_modules\ts-node\src\index.ts:859:12)
    at reportTSError (C:\Users\Shailendra kumar\Desktop\masai-projects\masai-alumni\node_modules\.pnpm\ts-node@10.9.1_@swc+core@1.3.95_@types+node@18.17.2_typescript@5.1.3\node_modules\ts-node\src\index.ts:863:19)
    at C:\Users\Shailendra kumar\Desktop\masai-projects\masai-alumni\node_modules\.pnpm\ts-node@10.9.1_@swc+core@1.3.95_@types+node@18.17.2_typescript@5.1.3\node_modules\ts-node\src\index.ts:1379:34
    at Object.compile (C:\Users\Shailendra kumar\Desktop\masai-projects\masai-alumni\node_modules\.pnpm\ts-node@10.9.1_@swc+core@1.3.95_@types+node@18.17.2_typescript@5.1.3\node_modules\ts-node\src\index.ts:1458:13)
    at Module.m._compile (C:\Users\Shailendra kumar\Desktop\masai-projects\masai-alumni\node_modules\.pnpm\ts-node@10.9.1_@swc+core@1.3.95_@types+node@18.17.2_typescript@5.1.3\node_modules\ts-node\src\index.ts:1617:30)
    at Module._extensions..js (node:internal/modules/cjs/loader:1435:10)
    at Object.require.extensions.<computed> [as .ts] (C:\Users\Shailendra kumar\Desktop\masai-projects\masai-alumni\node_modules\.pnpm\ts-node@10.9.1_@swc+core@1.3.95_@types+node@18.17.2_typescript@5.1.3\node_modules\ts-node\src\index.ts:1621:12)
    at Module.load (node:internal/modules/cjs/loader:1207:32)
    at Function.Module._load (node:internal/modules/cjs/loader:1023:12)
    at Module.require (node:internal/modules/cjs/loader:1235:19)
2023-12-15 17:25:42 error: uncaughtException: ⨯ Unable to compile TypeScript:
src/services/notice.service.ts(55,37): error TS1109: Expression expected.

TSError: ⨯ Unable to compile TypeScript:
src/services/notice.service.ts(55,37): error TS1109: Expression expected.

    at createTSError (C:\Users\Shailendra kumar\Desktop\masai-projects\masai-alumni\node_modules\.pnpm\ts-node@10.9.1_@swc+core@1.3.95_@types+node@18.17.2_typescript@5.1.3\node_modules\ts-node\src\index.ts:859:12)
    at reportTSError (C:\Users\Shailendra kumar\Desktop\masai-projects\masai-alumni\node_modules\.pnpm\ts-node@10.9.1_@swc+core@1.3.95_@types+node@18.17.2_typescript@5.1.3\node_modules\ts-node\src\index.ts:863:19)
    at C:\Users\Shailendra kumar\Desktop\masai-projects\masai-alumni\node_modules\.pnpm\ts-node@10.9.1_@swc+core@1.3.95_@types+node@18.17.2_typescript@5.1.3\node_modules\ts-node\src\index.ts:1379:34
    at Object.compile (C:\Users\Shailendra kumar\Desktop\masai-projects\masai-alumni\node_modules\.pnpm\ts-node@10.9.1_@swc+core@1.3.95_@types+node@18.17.2_typescript@5.1.3\node_modules\ts-node\src\index.ts:1458:13)
    at Module.m._compile (C:\Users\Shailendra kumar\Desktop\masai-projects\masai-alumni\node_modules\.pnpm\ts-node@10.9.1_@swc+core@1.3.95_@types+node@18.17.2_typescript@5.1.3\node_modules\ts-node\src\index.ts:1617:30)
    at Module._extensions..js (node:internal/modules/cjs/loader:1435:10)
    at Object.require.extensions.<computed> [as .ts] (C:\Users\Shailendra kumar\Desktop\masai-projects\masai-alumni\node_modules\.pnpm\ts-node@10.9.1_@swc+core@1.3.95_@types+node@18.17.2_typescript@5.1.3\node_modules\ts-node\src\index.ts:1621:12)
    at Module.load (node:internal/modules/cjs/loader:1207:32)
    at Function.Module._load (node:internal/modules/cjs/loader:1023:12)
    at Module.require (node:internal/modules/cjs/loader:1235:19)
2023-12-15 17:25:44 error: uncaughtException: ⨯ Unable to compile TypeScript:
src/services/notice.service.ts(55,37): error TS1109: Expression expected.

TSError: ⨯ Unable to compile TypeScript:
src/services/notice.service.ts(55,37): error TS1109: Expression expected.

    at createTSError (C:\Users\Shailendra kumar\Desktop\masai-projects\masai-alumni\node_modules\.pnpm\ts-node@10.9.1_@swc+core@1.3.95_@types+node@18.17.2_typescript@5.1.3\node_modules\ts-node\src\index.ts:859:12)
    at reportTSError (C:\Users\Shailendra kumar\Desktop\masai-projects\masai-alumni\node_modules\.pnpm\ts-node@10.9.1_@swc+core@1.3.95_@types+node@18.17.2_typescript@5.1.3\node_modules\ts-node\src\index.ts:863:19)
    at C:\Users\Shailendra kumar\Desktop\masai-projects\masai-alumni\node_modules\.pnpm\ts-node@10.9.1_@swc+core@1.3.95_@types+node@18.17.2_typescript@5.1.3\node_modules\ts-node\src\index.ts:1379:34
    at Object.compile (C:\Users\Shailendra kumar\Desktop\masai-projects\masai-alumni\node_modules\.pnpm\ts-node@10.9.1_@swc+core@1.3.95_@types+node@18.17.2_typescript@5.1.3\node_modules\ts-node\src\index.ts:1458:13)
    at Module.m._compile (C:\Users\Shailendra kumar\Desktop\masai-projects\masai-alumni\node_modules\.pnpm\ts-node@10.9.1_@swc+core@1.3.95_@types+node@18.17.2_typescript@5.1.3\node_modules\ts-node\src\index.ts:1617:30)
    at Module._extensions..js (node:internal/modules/cjs/loader:1435:10)
    at Object.require.extensions.<computed> [as .ts] (C:\Users\Shailendra kumar\Desktop\masai-projects\masai-alumni\node_modules\.pnpm\ts-node@10.9.1_@swc+core@1.3.95_@types+node@18.17.2_typescript@5.1.3\node_modules\ts-node\src\index.ts:1621:12)
    at Module.load (node:internal/modules/cjs/loader:1207:32)
    at Function.Module._load (node:internal/modules/cjs/loader:1023:12)
    at Module.require (node:internal/modules/cjs/loader:1235:19)
2023-12-15 17:25:46 error: uncaughtException: ⨯ Unable to compile TypeScript:
src/services/notice.service.ts(42,27): error TS1109: Expression expected.
src/services/notice.service.ts(55,37): error TS1109: Expression expected.

TSError: ⨯ Unable to compile TypeScript:
src/services/notice.service.ts(42,27): error TS1109: Expression expected.
src/services/notice.service.ts(55,37): error TS1109: Expression expected.

    at createTSError (C:\Users\Shailendra kumar\Desktop\masai-projects\masai-alumni\node_modules\.pnpm\ts-node@10.9.1_@swc+core@1.3.95_@types+node@18.17.2_typescript@5.1.3\node_modules\ts-node\src\index.ts:859:12)
    at reportTSError (C:\Users\Shailendra kumar\Desktop\masai-projects\masai-alumni\node_modules\.pnpm\ts-node@10.9.1_@swc+core@1.3.95_@types+node@18.17.2_typescript@5.1.3\node_modules\ts-node\src\index.ts:863:19)
    at C:\Users\Shailendra kumar\Desktop\masai-projects\masai-alumni\node_modules\.pnpm\ts-node@10.9.1_@swc+core@1.3.95_@types+node@18.17.2_typescript@5.1.3\node_modules\ts-node\src\index.ts:1379:34
    at Object.compile (C:\Users\Shailendra kumar\Desktop\masai-projects\masai-alumni\node_modules\.pnpm\ts-node@10.9.1_@swc+core@1.3.95_@types+node@18.17.2_typescript@5.1.3\node_modules\ts-node\src\index.ts:1458:13)
    at Module.m._compile (C:\Users\Shailendra kumar\Desktop\masai-projects\masai-alumni\node_modules\.pnpm\ts-node@10.9.1_@swc+core@1.3.95_@types+node@18.17.2_typescript@5.1.3\node_modules\ts-node\src\index.ts:1617:30)
    at Module._extensions..js (node:internal/modules/cjs/loader:1435:10)
    at Object.require.extensions.<computed> [as .ts] (C:\Users\Shailendra kumar\Desktop\masai-projects\masai-alumni\node_modules\.pnpm\ts-node@10.9.1_@swc+core@1.3.95_@types+node@18.17.2_typescript@5.1.3\node_modules\ts-node\src\index.ts:1621:12)
    at Module.load (node:internal/modules/cjs/loader:1207:32)
    at Function.Module._load (node:internal/modules/cjs/loader:1023:12)
    at Module.require (node:internal/modules/cjs/loader:1235:19)
2023-12-15 17:25:55 error: uncaughtException: ⨯ Unable to compile TypeScript:
src/services/notice.service.ts(42,52): error TS1003: Identifier expected.
src/services/notice.service.ts(55,37): error TS1109: Expression expected.

TSError: ⨯ Unable to compile TypeScript:
src/services/notice.service.ts(42,52): error TS1003: Identifier expected.
src/services/notice.service.ts(55,37): error TS1109: Expression expected.

    at createTSError (C:\Users\Shailendra kumar\Desktop\masai-projects\masai-alumni\node_modules\.pnpm\ts-node@10.9.1_@swc+core@1.3.95_@types+node@18.17.2_typescript@5.1.3\node_modules\ts-node\src\index.ts:859:12)
    at reportTSError (C:\Users\Shailendra kumar\Desktop\masai-projects\masai-alumni\node_modules\.pnpm\ts-node@10.9.1_@swc+core@1.3.95_@types+node@18.17.2_typescript@5.1.3\node_modules\ts-node\src\index.ts:863:19)
    at C:\Users\Shailendra kumar\Desktop\masai-projects\masai-alumni\node_modules\.pnpm\ts-node@10.9.1_@swc+core@1.3.95_@types+node@18.17.2_typescript@5.1.3\node_modules\ts-node\src\index.ts:1379:34
    at Object.compile (C:\Users\Shailendra kumar\Desktop\masai-projects\masai-alumni\node_modules\.pnpm\ts-node@10.9.1_@swc+core@1.3.95_@types+node@18.17.2_typescript@5.1.3\node_modules\ts-node\src\index.ts:1458:13)
    at Module.m._compile (C:\Users\Shailendra kumar\Desktop\masai-projects\masai-alumni\node_modules\.pnpm\ts-node@10.9.1_@swc+core@1.3.95_@types+node@18.17.2_typescript@5.1.3\node_modules\ts-node\src\index.ts:1617:30)
    at Module._extensions..js (node:internal/modules/cjs/loader:1435:10)
    at Object.require.extensions.<computed> [as .ts] (C:\Users\Shailendra kumar\Desktop\masai-projects\masai-alumni\node_modules\.pnpm\ts-node@10.9.1_@swc+core@1.3.95_@types+node@18.17.2_typescript@5.1.3\node_modules\ts-node\src\index.ts:1621:12)
    at Module.load (node:internal/modules/cjs/loader:1207:32)
    at Function.Module._load (node:internal/modules/cjs/loader:1023:12)
    at Module.require (node:internal/modules/cjs/loader:1235:19)
2023-12-15 17:25:58 error: uncaughtException: ⨯ Unable to compile TypeScript:
src/services/notice.service.ts(55,37): error TS1109: Expression expected.

TSError: ⨯ Unable to compile TypeScript:
src/services/notice.service.ts(55,37): error TS1109: Expression expected.

    at createTSError (C:\Users\Shailendra kumar\Desktop\masai-projects\masai-alumni\node_modules\.pnpm\ts-node@10.9.1_@swc+core@1.3.95_@types+node@18.17.2_typescript@5.1.3\node_modules\ts-node\src\index.ts:859:12)
    at reportTSError (C:\Users\Shailendra kumar\Desktop\masai-projects\masai-alumni\node_modules\.pnpm\ts-node@10.9.1_@swc+core@1.3.95_@types+node@18.17.2_typescript@5.1.3\node_modules\ts-node\src\index.ts:863:19)
    at C:\Users\Shailendra kumar\Desktop\masai-projects\masai-alumni\node_modules\.pnpm\ts-node@10.9.1_@swc+core@1.3.95_@types+node@18.17.2_typescript@5.1.3\node_modules\ts-node\src\index.ts:1379:34
    at Object.compile (C:\Users\Shailendra kumar\Desktop\masai-projects\masai-alumni\node_modules\.pnpm\ts-node@10.9.1_@swc+core@1.3.95_@types+node@18.17.2_typescript@5.1.3\node_modules\ts-node\src\index.ts:1458:13)
    at Module.m._compile (C:\Users\Shailendra kumar\Desktop\masai-projects\masai-alumni\node_modules\.pnpm\ts-node@10.9.1_@swc+core@1.3.95_@types+node@18.17.2_typescript@5.1.3\node_modules\ts-node\src\index.ts:1617:30)
    at Module._extensions..js (node:internal/modules/cjs/loader:1435:10)
    at Object.require.extensions.<computed> [as .ts] (C:\Users\Shailendra kumar\Desktop\masai-projects\masai-alumni\node_modules\.pnpm\ts-node@10.9.1_@swc+core@1.3.95_@types+node@18.17.2_typescript@5.1.3\node_modules\ts-node\src\index.ts:1621:12)
    at Module.load (node:internal/modules/cjs/loader:1207:32)
    at Function.Module._load (node:internal/modules/cjs/loader:1023:12)
    at Module.require (node:internal/modules/cjs/loader:1235:19)
2023-12-15 17:26:01 error: uncaughtException: ⨯ Unable to compile TypeScript:
src/services/notice.service.ts(55,37): error TS1109: Expression expected.

TSError: ⨯ Unable to compile TypeScript:
src/services/notice.service.ts(55,37): error TS1109: Expression expected.

    at createTSError (C:\Users\Shailendra kumar\Desktop\masai-projects\masai-alumni\node_modules\.pnpm\ts-node@10.9.1_@swc+core@1.3.95_@types+node@18.17.2_typescript@5.1.3\node_modules\ts-node\src\index.ts:859:12)
    at reportTSError (C:\Users\Shailendra kumar\Desktop\masai-projects\masai-alumni\node_modules\.pnpm\ts-node@10.9.1_@swc+core@1.3.95_@types+node@18.17.2_typescript@5.1.3\node_modules\ts-node\src\index.ts:863:19)
    at C:\Users\Shailendra kumar\Desktop\masai-projects\masai-alumni\node_modules\.pnpm\ts-node@10.9.1_@swc+core@1.3.95_@types+node@18.17.2_typescript@5.1.3\node_modules\ts-node\src\index.ts:1379:34
    at Object.compile (C:\Users\Shailendra kumar\Desktop\masai-projects\masai-alumni\node_modules\.pnpm\ts-node@10.9.1_@swc+core@1.3.95_@types+node@18.17.2_typescript@5.1.3\node_modules\ts-node\src\index.ts:1458:13)
    at Module.m._compile (C:\Users\Shailendra kumar\Desktop\masai-projects\masai-alumni\node_modules\.pnpm\ts-node@10.9.1_@swc+core@1.3.95_@types+node@18.17.2_typescript@5.1.3\node_modules\ts-node\src\index.ts:1617:30)
    at Module._extensions..js (node:internal/modules/cjs/loader:1435:10)
    at Object.require.extensions.<computed> [as .ts] (C:\Users\Shailendra kumar\Desktop\masai-projects\masai-alumni\node_modules\.pnpm\ts-node@10.9.1_@swc+core@1.3.95_@types+node@18.17.2_typescript@5.1.3\node_modules\ts-node\src\index.ts:1621:12)
    at Module.load (node:internal/modules/cjs/loader:1207:32)
    at Function.Module._load (node:internal/modules/cjs/loader:1023:12)
    at Module.require (node:internal/modules/cjs/loader:1235:19)
2023-12-15 17:26:06 error: uncaughtException: ⨯ Unable to compile TypeScript:
src/services/notice.service.ts(42,69): error TS1109: Expression expected.
src/services/notice.service.ts(55,37): error TS1109: Expression expected.

TSError: ⨯ Unable to compile TypeScript:
src/services/notice.service.ts(42,69): error TS1109: Expression expected.
src/services/notice.service.ts(55,37): error TS1109: Expression expected.

    at createTSError (C:\Users\Shailendra kumar\Desktop\masai-projects\masai-alumni\node_modules\.pnpm\ts-node@10.9.1_@swc+core@1.3.95_@types+node@18.17.2_typescript@5.1.3\node_modules\ts-node\src\index.ts:859:12)
    at reportTSError (C:\Users\Shailendra kumar\Desktop\masai-projects\masai-alumni\node_modules\.pnpm\ts-node@10.9.1_@swc+core@1.3.95_@types+node@18.17.2_typescript@5.1.3\node_modules\ts-node\src\index.ts:863:19)
    at C:\Users\Shailendra kumar\Desktop\masai-projects\masai-alumni\node_modules\.pnpm\ts-node@10.9.1_@swc+core@1.3.95_@types+node@18.17.2_typescript@5.1.3\node_modules\ts-node\src\index.ts:1379:34
    at Object.compile (C:\Users\Shailendra kumar\Desktop\masai-projects\masai-alumni\node_modules\.pnpm\ts-node@10.9.1_@swc+core@1.3.95_@types+node@18.17.2_typescript@5.1.3\node_modules\ts-node\src\index.ts:1458:13)
    at Module.m._compile (C:\Users\Shailendra kumar\Desktop\masai-projects\masai-alumni\node_modules\.pnpm\ts-node@10.9.1_@swc+core@1.3.95_@types+node@18.17.2_typescript@5.1.3\node_modules\ts-node\src\index.ts:1617:30)
    at Module._extensions..js (node:internal/modules/cjs/loader:1435:10)
    at Object.require.extensions.<computed> [as .ts] (C:\Users\Shailendra kumar\Desktop\masai-projects\masai-alumni\node_modules\.pnpm\ts-node@10.9.1_@swc+core@1.3.95_@types+node@18.17.2_typescript@5.1.3\node_modules\ts-node\src\index.ts:1621:12)
    at Module.load (node:internal/modules/cjs/loader:1207:32)
    at Function.Module._load (node:internal/modules/cjs/loader:1023:12)
    at Module.require (node:internal/modules/cjs/loader:1235:19)
2023-12-15 17:26:11 error: uncaughtException: ⨯ Unable to compile TypeScript:
src/services/notice.service.ts(42,83): error TS1003: Identifier expected.
src/services/notice.service.ts(55,37): error TS1109: Expression expected.

TSError: ⨯ Unable to compile TypeScript:
src/services/notice.service.ts(42,83): error TS1003: Identifier expected.
src/services/notice.service.ts(55,37): error TS1109: Expression expected.

    at createTSError (C:\Users\Shailendra kumar\Desktop\masai-projects\masai-alumni\node_modules\.pnpm\ts-node@10.9.1_@swc+core@1.3.95_@types+node@18.17.2_typescript@5.1.3\node_modules\ts-node\src\index.ts:859:12)
    at reportTSError (C:\Users\Shailendra kumar\Desktop\masai-projects\masai-alumni\node_modules\.pnpm\ts-node@10.9.1_@swc+core@1.3.95_@types+node@18.17.2_typescript@5.1.3\node_modules\ts-node\src\index.ts:863:19)
    at C:\Users\Shailendra kumar\Desktop\masai-projects\masai-alumni\node_modules\.pnpm\ts-node@10.9.1_@swc+core@1.3.95_@types+node@18.17.2_typescript@5.1.3\node_modules\ts-node\src\index.ts:1379:34
    at Object.compile (C:\Users\Shailendra kumar\Desktop\masai-projects\masai-alumni\node_modules\.pnpm\ts-node@10.9.1_@swc+core@1.3.95_@types+node@18.17.2_typescript@5.1.3\node_modules\ts-node\src\index.ts:1458:13)
    at Module.m._compile (C:\Users\Shailendra kumar\Desktop\masai-projects\masai-alumni\node_modules\.pnpm\ts-node@10.9.1_@swc+core@1.3.95_@types+node@18.17.2_typescript@5.1.3\node_modules\ts-node\src\index.ts:1617:30)
    at Module._extensions..js (node:internal/modules/cjs/loader:1435:10)
    at Object.require.extensions.<computed> [as .ts] (C:\Users\Shailendra kumar\Desktop\masai-projects\masai-alumni\node_modules\.pnpm\ts-node@10.9.1_@swc+core@1.3.95_@types+node@18.17.2_typescript@5.1.3\node_modules\ts-node\src\index.ts:1621:12)
    at Module.load (node:internal/modules/cjs/loader:1207:32)
    at Function.Module._load (node:internal/modules/cjs/loader:1023:12)
    at Module.require (node:internal/modules/cjs/loader:1235:19)
2023-12-15 17:26:13 error: uncaughtException: ⨯ Unable to compile TypeScript:
src/services/notice.service.ts(42,94): error TS1003: Identifier expected.
src/services/notice.service.ts(55,37): error TS1109: Expression expected.

TSError: ⨯ Unable to compile TypeScript:
src/services/notice.service.ts(42,94): error TS1003: Identifier expected.
src/services/notice.service.ts(55,37): error TS1109: Expression expected.

    at createTSError (C:\Users\Shailendra kumar\Desktop\masai-projects\masai-alumni\node_modules\.pnpm\ts-node@10.9.1_@swc+core@1.3.95_@types+node@18.17.2_typescript@5.1.3\node_modules\ts-node\src\index.ts:859:12)
    at reportTSError (C:\Users\Shailendra kumar\Desktop\masai-projects\masai-alumni\node_modules\.pnpm\ts-node@10.9.1_@swc+core@1.3.95_@types+node@18.17.2_typescript@5.1.3\node_modules\ts-node\src\index.ts:863:19)
    at C:\Users\Shailendra kumar\Desktop\masai-projects\masai-alumni\node_modules\.pnpm\ts-node@10.9.1_@swc+core@1.3.95_@types+node@18.17.2_typescript@5.1.3\node_modules\ts-node\src\index.ts:1379:34
    at Object.compile (C:\Users\Shailendra kumar\Desktop\masai-projects\masai-alumni\node_modules\.pnpm\ts-node@10.9.1_@swc+core@1.3.95_@types+node@18.17.2_typescript@5.1.3\node_modules\ts-node\src\index.ts:1458:13)
    at Module.m._compile (C:\Users\Shailendra kumar\Desktop\masai-projects\masai-alumni\node_modules\.pnpm\ts-node@10.9.1_@swc+core@1.3.95_@types+node@18.17.2_typescript@5.1.3\node_modules\ts-node\src\index.ts:1617:30)
    at Module._extensions..js (node:internal/modules/cjs/loader:1435:10)
    at Object.require.extensions.<computed> [as .ts] (C:\Users\Shailendra kumar\Desktop\masai-projects\masai-alumni\node_modules\.pnpm\ts-node@10.9.1_@swc+core@1.3.95_@types+node@18.17.2_typescript@5.1.3\node_modules\ts-node\src\index.ts:1621:12)
    at Module.load (node:internal/modules/cjs/loader:1207:32)
    at Function.Module._load (node:internal/modules/cjs/loader:1023:12)
    at Module.require (node:internal/modules/cjs/loader:1235:19)
2023-12-15 17:26:19 error: uncaughtException: ⨯ Unable to compile TypeScript:
src/services/notice.service.ts(55,37): error TS1109: Expression expected.

TSError: ⨯ Unable to compile TypeScript:
src/services/notice.service.ts(55,37): error TS1109: Expression expected.

    at createTSError (C:\Users\Shailendra kumar\Desktop\masai-projects\masai-alumni\node_modules\.pnpm\ts-node@10.9.1_@swc+core@1.3.95_@types+node@18.17.2_typescript@5.1.3\node_modules\ts-node\src\index.ts:859:12)
    at reportTSError (C:\Users\Shailendra kumar\Desktop\masai-projects\masai-alumni\node_modules\.pnpm\ts-node@10.9.1_@swc+core@1.3.95_@types+node@18.17.2_typescript@5.1.3\node_modules\ts-node\src\index.ts:863:19)
    at C:\Users\Shailendra kumar\Desktop\masai-projects\masai-alumni\node_modules\.pnpm\ts-node@10.9.1_@swc+core@1.3.95_@types+node@18.17.2_typescript@5.1.3\node_modules\ts-node\src\index.ts:1379:34
    at Object.compile (C:\Users\Shailendra kumar\Desktop\masai-projects\masai-alumni\node_modules\.pnpm\ts-node@10.9.1_@swc+core@1.3.95_@types+node@18.17.2_typescript@5.1.3\node_modules\ts-node\src\index.ts:1458:13)
    at Module.m._compile (C:\Users\Shailendra kumar\Desktop\masai-projects\masai-alumni\node_modules\.pnpm\ts-node@10.9.1_@swc+core@1.3.95_@types+node@18.17.2_typescript@5.1.3\node_modules\ts-node\src\index.ts:1617:30)
    at Module._extensions..js (node:internal/modules/cjs/loader:1435:10)
    at Object.require.extensions.<computed> [as .ts] (C:\Users\Shailendra kumar\Desktop\masai-projects\masai-alumni\node_modules\.pnpm\ts-node@10.9.1_@swc+core@1.3.95_@types+node@18.17.2_typescript@5.1.3\node_modules\ts-node\src\index.ts:1621:12)
    at Module.load (node:internal/modules/cjs/loader:1207:32)
    at Function.Module._load (node:internal/modules/cjs/loader:1023:12)
    at Module.require (node:internal/modules/cjs/loader:1235:19)
2023-12-15 17:26:24 error: uncaughtException: ⨯ Unable to compile TypeScript:
src/services/notice.service.ts(55,37): error TS1109: Expression expected.

TSError: ⨯ Unable to compile TypeScript:
src/services/notice.service.ts(55,37): error TS1109: Expression expected.

    at createTSError (C:\Users\Shailendra kumar\Desktop\masai-projects\masai-alumni\node_modules\.pnpm\ts-node@10.9.1_@swc+core@1.3.95_@types+node@18.17.2_typescript@5.1.3\node_modules\ts-node\src\index.ts:859:12)
    at reportTSError (C:\Users\Shailendra kumar\Desktop\masai-projects\masai-alumni\node_modules\.pnpm\ts-node@10.9.1_@swc+core@1.3.95_@types+node@18.17.2_typescript@5.1.3\node_modules\ts-node\src\index.ts:863:19)
    at C:\Users\Shailendra kumar\Desktop\masai-projects\masai-alumni\node_modules\.pnpm\ts-node@10.9.1_@swc+core@1.3.95_@types+node@18.17.2_typescript@5.1.3\node_modules\ts-node\src\index.ts:1379:34
    at Object.compile (C:\Users\Shailendra kumar\Desktop\masai-projects\masai-alumni\node_modules\.pnpm\ts-node@10.9.1_@swc+core@1.3.95_@types+node@18.17.2_typescript@5.1.3\node_modules\ts-node\src\index.ts:1458:13)
    at Module.m._compile (C:\Users\Shailendra kumar\Desktop\masai-projects\masai-alumni\node_modules\.pnpm\ts-node@10.9.1_@swc+core@1.3.95_@types+node@18.17.2_typescript@5.1.3\node_modules\ts-node\src\index.ts:1617:30)
    at Module._extensions..js (node:internal/modules/cjs/loader:1435:10)
    at Object.require.extensions.<computed> [as .ts] (C:\Users\Shailendra kumar\Desktop\masai-projects\masai-alumni\node_modules\.pnpm\ts-node@10.9.1_@swc+core@1.3.95_@types+node@18.17.2_typescript@5.1.3\node_modules\ts-node\src\index.ts:1621:12)
    at Module.load (node:internal/modules/cjs/loader:1207:32)
    at Function.Module._load (node:internal/modules/cjs/loader:1023:12)
    at Module.require (node:internal/modules/cjs/loader:1235:19)
2023-12-15 17:26:28 error: uncaughtException: ⨯ Unable to compile TypeScript:
src/services/notice.service.ts(55,37): error TS1109: Expression expected.

TSError: ⨯ Unable to compile TypeScript:
src/services/notice.service.ts(55,37): error TS1109: Expression expected.

    at createTSError (C:\Users\Shailendra kumar\Desktop\masai-projects\masai-alumni\node_modules\.pnpm\ts-node@10.9.1_@swc+core@1.3.95_@types+node@18.17.2_typescript@5.1.3\node_modules\ts-node\src\index.ts:859:12)
    at reportTSError (C:\Users\Shailendra kumar\Desktop\masai-projects\masai-alumni\node_modules\.pnpm\ts-node@10.9.1_@swc+core@1.3.95_@types+node@18.17.2_typescript@5.1.3\node_modules\ts-node\src\index.ts:863:19)
    at C:\Users\Shailendra kumar\Desktop\masai-projects\masai-alumni\node_modules\.pnpm\ts-node@10.9.1_@swc+core@1.3.95_@types+node@18.17.2_typescript@5.1.3\node_modules\ts-node\src\index.ts:1379:34
    at Object.compile (C:\Users\Shailendra kumar\Desktop\masai-projects\masai-alumni\node_modules\.pnpm\ts-node@10.9.1_@swc+core@1.3.95_@types+node@18.17.2_typescript@5.1.3\node_modules\ts-node\src\index.ts:1458:13)
    at Module.m._compile (C:\Users\Shailendra kumar\Desktop\masai-projects\masai-alumni\node_modules\.pnpm\ts-node@10.9.1_@swc+core@1.3.95_@types+node@18.17.2_typescript@5.1.3\node_modules\ts-node\src\index.ts:1617:30)
    at Module._extensions..js (node:internal/modules/cjs/loader:1435:10)
    at Object.require.extensions.<computed> [as .ts] (C:\Users\Shailendra kumar\Desktop\masai-projects\masai-alumni\node_modules\.pnpm\ts-node@10.9.1_@swc+core@1.3.95_@types+node@18.17.2_typescript@5.1.3\node_modules\ts-node\src\index.ts:1621:12)
    at Module.load (node:internal/modules/cjs/loader:1207:32)
    at Function.Module._load (node:internal/modules/cjs/loader:1023:12)
    at Module.require (node:internal/modules/cjs/loader:1235:19)
2023-12-15 17:26:31 error: uncaughtException: ⨯ Unable to compile TypeScript:
src/services/notice.service.ts(42,107): error TS1003: Identifier expected.
src/services/notice.service.ts(55,37): error TS1109: Expression expected.

TSError: ⨯ Unable to compile TypeScript:
src/services/notice.service.ts(42,107): error TS1003: Identifier expected.
src/services/notice.service.ts(55,37): error TS1109: Expression expected.

    at createTSError (C:\Users\Shailendra kumar\Desktop\masai-projects\masai-alumni\node_modules\.pnpm\ts-node@10.9.1_@swc+core@1.3.95_@types+node@18.17.2_typescript@5.1.3\node_modules\ts-node\src\index.ts:859:12)
    at reportTSError (C:\Users\Shailendra kumar\Desktop\masai-projects\masai-alumni\node_modules\.pnpm\ts-node@10.9.1_@swc+core@1.3.95_@types+node@18.17.2_typescript@5.1.3\node_modules\ts-node\src\index.ts:863:19)
    at C:\Users\Shailendra kumar\Desktop\masai-projects\masai-alumni\node_modules\.pnpm\ts-node@10.9.1_@swc+core@1.3.95_@types+node@18.17.2_typescript@5.1.3\node_modules\ts-node\src\index.ts:1379:34
    at Object.compile (C:\Users\Shailendra kumar\Desktop\masai-projects\masai-alumni\node_modules\.pnpm\ts-node@10.9.1_@swc+core@1.3.95_@types+node@18.17.2_typescript@5.1.3\node_modules\ts-node\src\index.ts:1458:13)
    at Module.m._compile (C:\Users\Shailendra kumar\Desktop\masai-projects\masai-alumni\node_modules\.pnpm\ts-node@10.9.1_@swc+core@1.3.95_@types+node@18.17.2_typescript@5.1.3\node_modules\ts-node\src\index.ts:1617:30)
    at Module._extensions..js (node:internal/modules/cjs/loader:1435:10)
    at Object.require.extensions.<computed> [as .ts] (C:\Users\Shailendra kumar\Desktop\masai-projects\masai-alumni\node_modules\.pnpm\ts-node@10.9.1_@swc+core@1.3.95_@types+node@18.17.2_typescript@5.1.3\node_modules\ts-node\src\index.ts:1621:12)
    at Module.load (node:internal/modules/cjs/loader:1207:32)
    at Function.Module._load (node:internal/modules/cjs/loader:1023:12)
    at Module.require (node:internal/modules/cjs/loader:1235:19)
2023-12-15 17:26:34 error: uncaughtException: ⨯ Unable to compile TypeScript:
src/services/notice.service.ts(42,107): error TS1003: Identifier expected.
src/services/notice.service.ts(55,37): error TS1109: Expression expected.

TSError: ⨯ Unable to compile TypeScript:
src/services/notice.service.ts(42,107): error TS1003: Identifier expected.
src/services/notice.service.ts(55,37): error TS1109: Expression expected.

    at createTSError (C:\Users\Shailendra kumar\Desktop\masai-projects\masai-alumni\node_modules\.pnpm\ts-node@10.9.1_@swc+core@1.3.95_@types+node@18.17.2_typescript@5.1.3\node_modules\ts-node\src\index.ts:859:12)
    at reportTSError (C:\Users\Shailendra kumar\Desktop\masai-projects\masai-alumni\node_modules\.pnpm\ts-node@10.9.1_@swc+core@1.3.95_@types+node@18.17.2_typescript@5.1.3\node_modules\ts-node\src\index.ts:863:19)
    at C:\Users\Shailendra kumar\Desktop\masai-projects\masai-alumni\node_modules\.pnpm\ts-node@10.9.1_@swc+core@1.3.95_@types+node@18.17.2_typescript@5.1.3\node_modules\ts-node\src\index.ts:1379:34
    at Object.compile (C:\Users\Shailendra kumar\Desktop\masai-projects\masai-alumni\node_modules\.pnpm\ts-node@10.9.1_@swc+core@1.3.95_@types+node@18.17.2_typescript@5.1.3\node_modules\ts-node\src\index.ts:1458:13)
    at Module.m._compile (C:\Users\Shailendra kumar\Desktop\masai-projects\masai-alumni\node_modules\.pnpm\ts-node@10.9.1_@swc+core@1.3.95_@types+node@18.17.2_typescript@5.1.3\node_modules\ts-node\src\index.ts:1617:30)
    at Module._extensions..js (node:internal/modules/cjs/loader:1435:10)
    at Object.require.extensions.<computed> [as .ts] (C:\Users\Shailendra kumar\Desktop\masai-projects\masai-alumni\node_modules\.pnpm\ts-node@10.9.1_@swc+core@1.3.95_@types+node@18.17.2_typescript@5.1.3\node_modules\ts-node\src\index.ts:1621:12)
    at Module.load (node:internal/modules/cjs/loader:1207:32)
    at Function.Module._load (node:internal/modules/cjs/loader:1023:12)
    at Module.require (node:internal/modules/cjs/loader:1235:19)
2023-12-15 17:26:45 error: uncaughtException: ⨯ Unable to compile TypeScript:
src/services/notice.service.ts(55,37): error TS1109: Expression expected.

TSError: ⨯ Unable to compile TypeScript:
src/services/notice.service.ts(55,37): error TS1109: Expression expected.

    at createTSError (C:\Users\Shailendra kumar\Desktop\masai-projects\masai-alumni\node_modules\.pnpm\ts-node@10.9.1_@swc+core@1.3.95_@types+node@18.17.2_typescript@5.1.3\node_modules\ts-node\src\index.ts:859:12)
    at reportTSError (C:\Users\Shailendra kumar\Desktop\masai-projects\masai-alumni\node_modules\.pnpm\ts-node@10.9.1_@swc+core@1.3.95_@types+node@18.17.2_typescript@5.1.3\node_modules\ts-node\src\index.ts:863:19)
    at C:\Users\Shailendra kumar\Desktop\masai-projects\masai-alumni\node_modules\.pnpm\ts-node@10.9.1_@swc+core@1.3.95_@types+node@18.17.2_typescript@5.1.3\node_modules\ts-node\src\index.ts:1379:34
    at Object.compile (C:\Users\Shailendra kumar\Desktop\masai-projects\masai-alumni\node_modules\.pnpm\ts-node@10.9.1_@swc+core@1.3.95_@types+node@18.17.2_typescript@5.1.3\node_modules\ts-node\src\index.ts:1458:13)
    at Module.m._compile (C:\Users\Shailendra kumar\Desktop\masai-projects\masai-alumni\node_modules\.pnpm\ts-node@10.9.1_@swc+core@1.3.95_@types+node@18.17.2_typescript@5.1.3\node_modules\ts-node\src\index.ts:1617:30)
    at Module._extensions..js (node:internal/modules/cjs/loader:1435:10)
    at Object.require.extensions.<computed> [as .ts] (C:\Users\Shailendra kumar\Desktop\masai-projects\masai-alumni\node_modules\.pnpm\ts-node@10.9.1_@swc+core@1.3.95_@types+node@18.17.2_typescript@5.1.3\node_modules\ts-node\src\index.ts:1621:12)
    at Module.load (node:internal/modules/cjs/loader:1207:32)
    at Function.Module._load (node:internal/modules/cjs/loader:1023:12)
    at Module.require (node:internal/modules/cjs/loader:1235:19)
2023-12-15 17:26:51 error: uncaughtException: ⨯ Unable to compile TypeScript:
src/services/notice.service.ts(55,37): error TS1109: Expression expected.

TSError: ⨯ Unable to compile TypeScript:
src/services/notice.service.ts(55,37): error TS1109: Expression expected.

    at createTSError (C:\Users\Shailendra kumar\Desktop\masai-projects\masai-alumni\node_modules\.pnpm\ts-node@10.9.1_@swc+core@1.3.95_@types+node@18.17.2_typescript@5.1.3\node_modules\ts-node\src\index.ts:859:12)
    at reportTSError (C:\Users\Shailendra kumar\Desktop\masai-projects\masai-alumni\node_modules\.pnpm\ts-node@10.9.1_@swc+core@1.3.95_@types+node@18.17.2_typescript@5.1.3\node_modules\ts-node\src\index.ts:863:19)
    at C:\Users\Shailendra kumar\Desktop\masai-projects\masai-alumni\node_modules\.pnpm\ts-node@10.9.1_@swc+core@1.3.95_@types+node@18.17.2_typescript@5.1.3\node_modules\ts-node\src\index.ts:1379:34
    at Object.compile (C:\Users\Shailendra kumar\Desktop\masai-projects\masai-alumni\node_modules\.pnpm\ts-node@10.9.1_@swc+core@1.3.95_@types+node@18.17.2_typescript@5.1.3\node_modules\ts-node\src\index.ts:1458:13)
    at Module.m._compile (C:\Users\Shailendra kumar\Desktop\masai-projects\masai-alumni\node_modules\.pnpm\ts-node@10.9.1_@swc+core@1.3.95_@types+node@18.17.2_typescript@5.1.3\node_modules\ts-node\src\index.ts:1617:30)
    at Module._extensions..js (node:internal/modules/cjs/loader:1435:10)
    at Object.require.extensions.<computed> [as .ts] (C:\Users\Shailendra kumar\Desktop\masai-projects\masai-alumni\node_modules\.pnpm\ts-node@10.9.1_@swc+core@1.3.95_@types+node@18.17.2_typescript@5.1.3\node_modules\ts-node\src\index.ts:1621:12)
    at Module.load (node:internal/modules/cjs/loader:1207:32)
    at Function.Module._load (node:internal/modules/cjs/loader:1023:12)
    at Module.require (node:internal/modules/cjs/loader:1235:19)
2023-12-15 17:26:57 error: uncaughtException: ⨯ Unable to compile TypeScript:
src/services/notice.service.ts(55,37): error TS1109: Expression expected.

TSError: ⨯ Unable to compile TypeScript:
src/services/notice.service.ts(55,37): error TS1109: Expression expected.

    at createTSError (C:\Users\Shailendra kumar\Desktop\masai-projects\masai-alumni\node_modules\.pnpm\ts-node@10.9.1_@swc+core@1.3.95_@types+node@18.17.2_typescript@5.1.3\node_modules\ts-node\src\index.ts:859:12)
    at reportTSError (C:\Users\Shailendra kumar\Desktop\masai-projects\masai-alumni\node_modules\.pnpm\ts-node@10.9.1_@swc+core@1.3.95_@types+node@18.17.2_typescript@5.1.3\node_modules\ts-node\src\index.ts:863:19)
    at C:\Users\Shailendra kumar\Desktop\masai-projects\masai-alumni\node_modules\.pnpm\ts-node@10.9.1_@swc+core@1.3.95_@types+node@18.17.2_typescript@5.1.3\node_modules\ts-node\src\index.ts:1379:34
    at Object.compile (C:\Users\Shailendra kumar\Desktop\masai-projects\masai-alumni\node_modules\.pnpm\ts-node@10.9.1_@swc+core@1.3.95_@types+node@18.17.2_typescript@5.1.3\node_modules\ts-node\src\index.ts:1458:13)
    at Module.m._compile (C:\Users\Shailendra kumar\Desktop\masai-projects\masai-alumni\node_modules\.pnpm\ts-node@10.9.1_@swc+core@1.3.95_@types+node@18.17.2_typescript@5.1.3\node_modules\ts-node\src\index.ts:1617:30)
    at Module._extensions..js (node:internal/modules/cjs/loader:1435:10)
    at Object.require.extensions.<computed> [as .ts] (C:\Users\Shailendra kumar\Desktop\masai-projects\masai-alumni\node_modules\.pnpm\ts-node@10.9.1_@swc+core@1.3.95_@types+node@18.17.2_typescript@5.1.3\node_modules\ts-node\src\index.ts:1621:12)
    at Module.load (node:internal/modules/cjs/loader:1207:32)
    at Function.Module._load (node:internal/modules/cjs/loader:1023:12)
    at Module.require (node:internal/modules/cjs/loader:1235:19)
2023-12-15 17:27:02 error: uncaughtException: ⨯ Unable to compile TypeScript:
src/services/notice.service.ts(55,37): error TS1109: Expression expected.

TSError: ⨯ Unable to compile TypeScript:
src/services/notice.service.ts(55,37): error TS1109: Expression expected.

    at createTSError (C:\Users\Shailendra kumar\Desktop\masai-projects\masai-alumni\node_modules\.pnpm\ts-node@10.9.1_@swc+core@1.3.95_@types+node@18.17.2_typescript@5.1.3\node_modules\ts-node\src\index.ts:859:12)
    at reportTSError (C:\Users\Shailendra kumar\Desktop\masai-projects\masai-alumni\node_modules\.pnpm\ts-node@10.9.1_@swc+core@1.3.95_@types+node@18.17.2_typescript@5.1.3\node_modules\ts-node\src\index.ts:863:19)
    at C:\Users\Shailendra kumar\Desktop\masai-projects\masai-alumni\node_modules\.pnpm\ts-node@10.9.1_@swc+core@1.3.95_@types+node@18.17.2_typescript@5.1.3\node_modules\ts-node\src\index.ts:1379:34
    at Object.compile (C:\Users\Shailendra kumar\Desktop\masai-projects\masai-alumni\node_modules\.pnpm\ts-node@10.9.1_@swc+core@1.3.95_@types+node@18.17.2_typescript@5.1.3\node_modules\ts-node\src\index.ts:1458:13)
    at Module.m._compile (C:\Users\Shailendra kumar\Desktop\masai-projects\masai-alumni\node_modules\.pnpm\ts-node@10.9.1_@swc+core@1.3.95_@types+node@18.17.2_typescript@5.1.3\node_modules\ts-node\src\index.ts:1617:30)
    at Module._extensions..js (node:internal/modules/cjs/loader:1435:10)
    at Object.require.extensions.<computed> [as .ts] (C:\Users\Shailendra kumar\Desktop\masai-projects\masai-alumni\node_modules\.pnpm\ts-node@10.9.1_@swc+core@1.3.95_@types+node@18.17.2_typescript@5.1.3\node_modules\ts-node\src\index.ts:1621:12)
    at Module.load (node:internal/modules/cjs/loader:1207:32)
    at Function.Module._load (node:internal/modules/cjs/loader:1023:12)
    at Module.require (node:internal/modules/cjs/loader:1235:19)
2023-12-15 17:27:06 error: uncaughtException: ⨯ Unable to compile TypeScript:
src/services/notice.service.ts(42,143): error TS1109: Expression expected.
src/services/notice.service.ts(55,37): error TS1109: Expression expected.

TSError: ⨯ Unable to compile TypeScript:
src/services/notice.service.ts(42,143): error TS1109: Expression expected.
src/services/notice.service.ts(55,37): error TS1109: Expression expected.

    at createTSError (C:\Users\Shailendra kumar\Desktop\masai-projects\masai-alumni\node_modules\.pnpm\ts-node@10.9.1_@swc+core@1.3.95_@types+node@18.17.2_typescript@5.1.3\node_modules\ts-node\src\index.ts:859:12)
    at reportTSError (C:\Users\Shailendra kumar\Desktop\masai-projects\masai-alumni\node_modules\.pnpm\ts-node@10.9.1_@swc+core@1.3.95_@types+node@18.17.2_typescript@5.1.3\node_modules\ts-node\src\index.ts:863:19)
    at C:\Users\Shailendra kumar\Desktop\masai-projects\masai-alumni\node_modules\.pnpm\ts-node@10.9.1_@swc+core@1.3.95_@types+node@18.17.2_typescript@5.1.3\node_modules\ts-node\src\index.ts:1379:34
    at Object.compile (C:\Users\Shailendra kumar\Desktop\masai-projects\masai-alumni\node_modules\.pnpm\ts-node@10.9.1_@swc+core@1.3.95_@types+node@18.17.2_typescript@5.1.3\node_modules\ts-node\src\index.ts:1458:13)
    at Module.m._compile (C:\Users\Shailendra kumar\Desktop\masai-projects\masai-alumni\node_modules\.pnpm\ts-node@10.9.1_@swc+core@1.3.95_@types+node@18.17.2_typescript@5.1.3\node_modules\ts-node\src\index.ts:1617:30)
    at Module._extensions..js (node:internal/modules/cjs/loader:1435:10)
    at Object.require.extensions.<computed> [as .ts] (C:\Users\Shailendra kumar\Desktop\masai-projects\masai-alumni\node_modules\.pnpm\ts-node@10.9.1_@swc+core@1.3.95_@types+node@18.17.2_typescript@5.1.3\node_modules\ts-node\src\index.ts:1621:12)
    at Module.load (node:internal/modules/cjs/loader:1207:32)
    at Function.Module._load (node:internal/modules/cjs/loader:1023:12)
    at Module.require (node:internal/modules/cjs/loader:1235:19)
2023-12-15 17:27:09 error: uncaughtException: ⨯ Unable to compile TypeScript:
src/services/notice.service.ts(42,143): error TS1109: Expression expected.
src/services/notice.service.ts(55,37): error TS1109: Expression expected.

TSError: ⨯ Unable to compile TypeScript:
src/services/notice.service.ts(42,143): error TS1109: Expression expected.
src/services/notice.service.ts(55,37): error TS1109: Expression expected.

    at createTSError (C:\Users\Shailendra kumar\Desktop\masai-projects\masai-alumni\node_modules\.pnpm\ts-node@10.9.1_@swc+core@1.3.95_@types+node@18.17.2_typescript@5.1.3\node_modules\ts-node\src\index.ts:859:12)
    at reportTSError (C:\Users\Shailendra kumar\Desktop\masai-projects\masai-alumni\node_modules\.pnpm\ts-node@10.9.1_@swc+core@1.3.95_@types+node@18.17.2_typescript@5.1.3\node_modules\ts-node\src\index.ts:863:19)
    at C:\Users\Shailendra kumar\Desktop\masai-projects\masai-alumni\node_modules\.pnpm\ts-node@10.9.1_@swc+core@1.3.95_@types+node@18.17.2_typescript@5.1.3\node_modules\ts-node\src\index.ts:1379:34
    at Object.compile (C:\Users\Shailendra kumar\Desktop\masai-projects\masai-alumni\node_modules\.pnpm\ts-node@10.9.1_@swc+core@1.3.95_@types+node@18.17.2_typescript@5.1.3\node_modules\ts-node\src\index.ts:1458:13)
    at Module.m._compile (C:\Users\Shailendra kumar\Desktop\masai-projects\masai-alumni\node_modules\.pnpm\ts-node@10.9.1_@swc+core@1.3.95_@types+node@18.17.2_typescript@5.1.3\node_modules\ts-node\src\index.ts:1617:30)
    at Module._extensions..js (node:internal/modules/cjs/loader:1435:10)
    at Object.require.extensions.<computed> [as .ts] (C:\Users\Shailendra kumar\Desktop\masai-projects\masai-alumni\node_modules\.pnpm\ts-node@10.9.1_@swc+core@1.3.95_@types+node@18.17.2_typescript@5.1.3\node_modules\ts-node\src\index.ts:1621:12)
    at Module.load (node:internal/modules/cjs/loader:1207:32)
    at Function.Module._load (node:internal/modules/cjs/loader:1023:12)
    at Module.require (node:internal/modules/cjs/loader:1235:19)
2023-12-15 17:27:13 error: uncaughtException: ⨯ Unable to compile TypeScript:
src/services/notice.service.ts(42,168): error TS1003: Identifier expected.
src/services/notice.service.ts(55,37): error TS1109: Expression expected.

TSError: ⨯ Unable to compile TypeScript:
src/services/notice.service.ts(42,168): error TS1003: Identifier expected.
src/services/notice.service.ts(55,37): error TS1109: Expression expected.

    at createTSError (C:\Users\Shailendra kumar\Desktop\masai-projects\masai-alumni\node_modules\.pnpm\ts-node@10.9.1_@swc+core@1.3.95_@types+node@18.17.2_typescript@5.1.3\node_modules\ts-node\src\index.ts:859:12)
    at reportTSError (C:\Users\Shailendra kumar\Desktop\masai-projects\masai-alumni\node_modules\.pnpm\ts-node@10.9.1_@swc+core@1.3.95_@types+node@18.17.2_typescript@5.1.3\node_modules\ts-node\src\index.ts:863:19)
    at C:\Users\Shailendra kumar\Desktop\masai-projects\masai-alumni\node_modules\.pnpm\ts-node@10.9.1_@swc+core@1.3.95_@types+node@18.17.2_typescript@5.1.3\node_modules\ts-node\src\index.ts:1379:34
    at Object.compile (C:\Users\Shailendra kumar\Desktop\masai-projects\masai-alumni\node_modules\.pnpm\ts-node@10.9.1_@swc+core@1.3.95_@types+node@18.17.2_typescript@5.1.3\node_modules\ts-node\src\index.ts:1458:13)
    at Module.m._compile (C:\Users\Shailendra kumar\Desktop\masai-projects\masai-alumni\node_modules\.pnpm\ts-node@10.9.1_@swc+core@1.3.95_@types+node@18.17.2_typescript@5.1.3\node_modules\ts-node\src\index.ts:1617:30)
    at Module._extensions..js (node:internal/modules/cjs/loader:1435:10)
    at Object.require.extensions.<computed> [as .ts] (C:\Users\Shailendra kumar\Desktop\masai-projects\masai-alumni\node_modules\.pnpm\ts-node@10.9.1_@swc+core@1.3.95_@types+node@18.17.2_typescript@5.1.3\node_modules\ts-node\src\index.ts:1621:12)
    at Module.load (node:internal/modules/cjs/loader:1207:32)
    at Function.Module._load (node:internal/modules/cjs/loader:1023:12)
    at Module.require (node:internal/modules/cjs/loader:1235:19)
2023-12-15 17:27:16 error: uncaughtException: ⨯ Unable to compile TypeScript:
src/services/notice.service.ts(55,37): error TS1109: Expression expected.

TSError: ⨯ Unable to compile TypeScript:
src/services/notice.service.ts(55,37): error TS1109: Expression expected.

    at createTSError (C:\Users\Shailendra kumar\Desktop\masai-projects\masai-alumni\node_modules\.pnpm\ts-node@10.9.1_@swc+core@1.3.95_@types+node@18.17.2_typescript@5.1.3\node_modules\ts-node\src\index.ts:859:12)
    at reportTSError (C:\Users\Shailendra kumar\Desktop\masai-projects\masai-alumni\node_modules\.pnpm\ts-node@10.9.1_@swc+core@1.3.95_@types+node@18.17.2_typescript@5.1.3\node_modules\ts-node\src\index.ts:863:19)
    at C:\Users\Shailendra kumar\Desktop\masai-projects\masai-alumni\node_modules\.pnpm\ts-node@10.9.1_@swc+core@1.3.95_@types+node@18.17.2_typescript@5.1.3\node_modules\ts-node\src\index.ts:1379:34
    at Object.compile (C:\Users\Shailendra kumar\Desktop\masai-projects\masai-alumni\node_modules\.pnpm\ts-node@10.9.1_@swc+core@1.3.95_@types+node@18.17.2_typescript@5.1.3\node_modules\ts-node\src\index.ts:1458:13)
    at Module.m._compile (C:\Users\Shailendra kumar\Desktop\masai-projects\masai-alumni\node_modules\.pnpm\ts-node@10.9.1_@swc+core@1.3.95_@types+node@18.17.2_typescript@5.1.3\node_modules\ts-node\src\index.ts:1617:30)
    at Module._extensions..js (node:internal/modules/cjs/loader:1435:10)
    at Object.require.extensions.<computed> [as .ts] (C:\Users\Shailendra kumar\Desktop\masai-projects\masai-alumni\node_modules\.pnpm\ts-node@10.9.1_@swc+core@1.3.95_@types+node@18.17.2_typescript@5.1.3\node_modules\ts-node\src\index.ts:1621:12)
    at Module.load (node:internal/modules/cjs/loader:1207:32)
    at Function.Module._load (node:internal/modules/cjs/loader:1023:12)
    at Module.require (node:internal/modules/cjs/loader:1235:19)
2023-12-15 17:28:50 error: uncaughtException: ⨯ Unable to compile TypeScript:
src/services/notice.service.ts(42,83): error TS1003: Identifier expected.

TSError: ⨯ Unable to compile TypeScript:
src/services/notice.service.ts(42,83): error TS1003: Identifier expected.

    at createTSError (C:\Users\Shailendra kumar\Desktop\masai-projects\masai-alumni\node_modules\.pnpm\ts-node@10.9.1_@swc+core@1.3.95_@types+node@18.17.2_typescript@5.1.3\node_modules\ts-node\src\index.ts:859:12)
    at reportTSError (C:\Users\Shailendra kumar\Desktop\masai-projects\masai-alumni\node_modules\.pnpm\ts-node@10.9.1_@swc+core@1.3.95_@types+node@18.17.2_typescript@5.1.3\node_modules\ts-node\src\index.ts:863:19)
    at C:\Users\Shailendra kumar\Desktop\masai-projects\masai-alumni\node_modules\.pnpm\ts-node@10.9.1_@swc+core@1.3.95_@types+node@18.17.2_typescript@5.1.3\node_modules\ts-node\src\index.ts:1379:34
    at Object.compile (C:\Users\Shailendra kumar\Desktop\masai-projects\masai-alumni\node_modules\.pnpm\ts-node@10.9.1_@swc+core@1.3.95_@types+node@18.17.2_typescript@5.1.3\node_modules\ts-node\src\index.ts:1458:13)
    at Module.m._compile (C:\Users\Shailendra kumar\Desktop\masai-projects\masai-alumni\node_modules\.pnpm\ts-node@10.9.1_@swc+core@1.3.95_@types+node@18.17.2_typescript@5.1.3\node_modules\ts-node\src\index.ts:1617:30)
    at Module._extensions..js (node:internal/modules/cjs/loader:1435:10)
    at Object.require.extensions.<computed> [as .ts] (C:\Users\Shailendra kumar\Desktop\masai-projects\masai-alumni\node_modules\.pnpm\ts-node@10.9.1_@swc+core@1.3.95_@types+node@18.17.2_typescript@5.1.3\node_modules\ts-node\src\index.ts:1621:12)
    at Module.load (node:internal/modules/cjs/loader:1207:32)
    at Function.Module._load (node:internal/modules/cjs/loader:1023:12)
    at Module.require (node:internal/modules/cjs/loader:1235:19)
2023-12-15 17:29:48 error: uncaughtException: ⨯ Unable to compile TypeScript:
src/services/notice.service.ts(42,106): error TS1005: ',' expected.

TSError: ⨯ Unable to compile TypeScript:
src/services/notice.service.ts(42,106): error TS1005: ',' expected.

    at createTSError (C:\Users\Shailendra kumar\Desktop\masai-projects\masai-alumni\node_modules\.pnpm\ts-node@10.9.1_@swc+core@1.3.95_@types+node@18.17.2_typescript@5.1.3\node_modules\ts-node\src\index.ts:859:12)
    at reportTSError (C:\Users\Shailendra kumar\Desktop\masai-projects\masai-alumni\node_modules\.pnpm\ts-node@10.9.1_@swc+core@1.3.95_@types+node@18.17.2_typescript@5.1.3\node_modules\ts-node\src\index.ts:863:19)
    at C:\Users\Shailendra kumar\Desktop\masai-projects\masai-alumni\node_modules\.pnpm\ts-node@10.9.1_@swc+core@1.3.95_@types+node@18.17.2_typescript@5.1.3\node_modules\ts-node\src\index.ts:1379:34
    at Object.compile (C:\Users\Shailendra kumar\Desktop\masai-projects\masai-alumni\node_modules\.pnpm\ts-node@10.9.1_@swc+core@1.3.95_@types+node@18.17.2_typescript@5.1.3\node_modules\ts-node\src\index.ts:1458:13)
    at Module.m._compile (C:\Users\Shailendra kumar\Desktop\masai-projects\masai-alumni\node_modules\.pnpm\ts-node@10.9.1_@swc+core@1.3.95_@types+node@18.17.2_typescript@5.1.3\node_modules\ts-node\src\index.ts:1617:30)
    at Module._extensions..js (node:internal/modules/cjs/loader:1435:10)
    at Object.require.extensions.<computed> [as .ts] (C:\Users\Shailendra kumar\Desktop\masai-projects\masai-alumni\node_modules\.pnpm\ts-node@10.9.1_@swc+core@1.3.95_@types+node@18.17.2_typescript@5.1.3\node_modules\ts-node\src\index.ts:1621:12)
    at Module.load (node:internal/modules/cjs/loader:1207:32)
    at Function.Module._load (node:internal/modules/cjs/loader:1023:12)
    at Module.require (node:internal/modules/cjs/loader:1235:19)
2023-12-15 17:29:50 error: uncaughtException: ⨯ Unable to compile TypeScript:
src/services/notice.service.ts(42,142): error TS1005: ']' expected.
src/services/notice.service.ts(42,156): error TS1005: ',' expected.

TSError: ⨯ Unable to compile TypeScript:
src/services/notice.service.ts(42,142): error TS1005: ']' expected.
src/services/notice.service.ts(42,156): error TS1005: ',' expected.

    at createTSError (C:\Users\Shailendra kumar\Desktop\masai-projects\masai-alumni\node_modules\.pnpm\ts-node@10.9.1_@swc+core@1.3.95_@types+node@18.17.2_typescript@5.1.3\node_modules\ts-node\src\index.ts:859:12)
    at reportTSError (C:\Users\Shailendra kumar\Desktop\masai-projects\masai-alumni\node_modules\.pnpm\ts-node@10.9.1_@swc+core@1.3.95_@types+node@18.17.2_typescript@5.1.3\node_modules\ts-node\src\index.ts:863:19)
    at C:\Users\Shailendra kumar\Desktop\masai-projects\masai-alumni\node_modules\.pnpm\ts-node@10.9.1_@swc+core@1.3.95_@types+node@18.17.2_typescript@5.1.3\node_modules\ts-node\src\index.ts:1379:34
    at Object.compile (C:\Users\Shailendra kumar\Desktop\masai-projects\masai-alumni\node_modules\.pnpm\ts-node@10.9.1_@swc+core@1.3.95_@types+node@18.17.2_typescript@5.1.3\node_modules\ts-node\src\index.ts:1458:13)
    at Module.m._compile (C:\Users\Shailendra kumar\Desktop\masai-projects\masai-alumni\node_modules\.pnpm\ts-node@10.9.1_@swc+core@1.3.95_@types+node@18.17.2_typescript@5.1.3\node_modules\ts-node\src\index.ts:1617:30)
    at Module._extensions..js (node:internal/modules/cjs/loader:1435:10)
    at Object.require.extensions.<computed> [as .ts] (C:\Users\Shailendra kumar\Desktop\masai-projects\masai-alumni\node_modules\.pnpm\ts-node@10.9.1_@swc+core@1.3.95_@types+node@18.17.2_typescript@5.1.3\node_modules\ts-node\src\index.ts:1621:12)
    at Module.load (node:internal/modules/cjs/loader:1207:32)
    at Function.Module._load (node:internal/modules/cjs/loader:1023:12)
    at Module.require (node:internal/modules/cjs/loader:1235:19)
2023-12-15 17:31:06 error: uncaughtException: ⨯ Unable to compile TypeScript:
src/services/notice.service.ts(42,62): error TS1136: Property assignment expected.

TSError: ⨯ Unable to compile TypeScript:
src/services/notice.service.ts(42,62): error TS1136: Property assignment expected.

    at createTSError (C:\Users\Shailendra kumar\Desktop\masai-projects\masai-alumni\node_modules\.pnpm\ts-node@10.9.1_@swc+core@1.3.95_@types+node@18.17.2_typescript@5.1.3\node_modules\ts-node\src\index.ts:859:12)
    at reportTSError (C:\Users\Shailendra kumar\Desktop\masai-projects\masai-alumni\node_modules\.pnpm\ts-node@10.9.1_@swc+core@1.3.95_@types+node@18.17.2_typescript@5.1.3\node_modules\ts-node\src\index.ts:863:19)
    at C:\Users\Shailendra kumar\Desktop\masai-projects\masai-alumni\node_modules\.pnpm\ts-node@10.9.1_@swc+core@1.3.95_@types+node@18.17.2_typescript@5.1.3\node_modules\ts-node\src\index.ts:1379:34
    at Object.compile (C:\Users\Shailendra kumar\Desktop\masai-projects\masai-alumni\node_modules\.pnpm\ts-node@10.9.1_@swc+core@1.3.95_@types+node@18.17.2_typescript@5.1.3\node_modules\ts-node\src\index.ts:1458:13)
    at Module.m._compile (C:\Users\Shailendra kumar\Desktop\masai-projects\masai-alumni\node_modules\.pnpm\ts-node@10.9.1_@swc+core@1.3.95_@types+node@18.17.2_typescript@5.1.3\node_modules\ts-node\src\index.ts:1617:30)
    at Module._extensions..js (node:internal/modules/cjs/loader:1435:10)
    at Object.require.extensions.<computed> [as .ts] (C:\Users\Shailendra kumar\Desktop\masai-projects\masai-alumni\node_modules\.pnpm\ts-node@10.9.1_@swc+core@1.3.95_@types+node@18.17.2_typescript@5.1.3\node_modules\ts-node\src\index.ts:1621:12)
    at Module.load (node:internal/modules/cjs/loader:1207:32)
    at Function.Module._load (node:internal/modules/cjs/loader:1023:12)
    at Module.require (node:internal/modules/cjs/loader:1235:19)
2023-12-15 17:32:37 error: uncaughtException: ⨯ Unable to compile TypeScript:
src/services/notice.service.ts(43,7): error TS1005: ')' expected.

TSError: ⨯ Unable to compile TypeScript:
src/services/notice.service.ts(43,7): error TS1005: ')' expected.

    at createTSError (C:\Users\Shailendra kumar\Desktop\masai-projects\masai-alumni\node_modules\.pnpm\ts-node@10.9.1_@swc+core@1.3.95_@types+node@18.17.2_typescript@5.1.3\node_modules\ts-node\src\index.ts:859:12)
    at reportTSError (C:\Users\Shailendra kumar\Desktop\masai-projects\masai-alumni\node_modules\.pnpm\ts-node@10.9.1_@swc+core@1.3.95_@types+node@18.17.2_typescript@5.1.3\node_modules\ts-node\src\index.ts:863:19)
    at C:\Users\Shailendra kumar\Desktop\masai-projects\masai-alumni\node_modules\.pnpm\ts-node@10.9.1_@swc+core@1.3.95_@types+node@18.17.2_typescript@5.1.3\node_modules\ts-node\src\index.ts:1379:34
    at Object.compile (C:\Users\Shailendra kumar\Desktop\masai-projects\masai-alumni\node_modules\.pnpm\ts-node@10.9.1_@swc+core@1.3.95_@types+node@18.17.2_typescript@5.1.3\node_modules\ts-node\src\index.ts:1458:13)
    at Module.m._compile (C:\Users\Shailendra kumar\Desktop\masai-projects\masai-alumni\node_modules\.pnpm\ts-node@10.9.1_@swc+core@1.3.95_@types+node@18.17.2_typescript@5.1.3\node_modules\ts-node\src\index.ts:1617:30)
    at Module._extensions..js (node:internal/modules/cjs/loader:1435:10)
    at Object.require.extensions.<computed> [as .ts] (C:\Users\Shailendra kumar\Desktop\masai-projects\masai-alumni\node_modules\.pnpm\ts-node@10.9.1_@swc+core@1.3.95_@types+node@18.17.2_typescript@5.1.3\node_modules\ts-node\src\index.ts:1621:12)
    at Module.load (node:internal/modules/cjs/loader:1207:32)
    at Function.Module._load (node:internal/modules/cjs/loader:1023:12)
    at Module.require (node:internal/modules/cjs/loader:1235:19)
2023-12-15 17:33:59 error: uncaughtException: ⨯ Unable to compile TypeScript:
src/services/notice.service.ts(42,58): error TS1109: Expression expected.

TSError: ⨯ Unable to compile TypeScript:
src/services/notice.service.ts(42,58): error TS1109: Expression expected.

    at createTSError (C:\Users\Shailendra kumar\Desktop\masai-projects\masai-alumni\node_modules\.pnpm\ts-node@10.9.1_@swc+core@1.3.95_@types+node@18.17.2_typescript@5.1.3\node_modules\ts-node\src\index.ts:859:12)
    at reportTSError (C:\Users\Shailendra kumar\Desktop\masai-projects\masai-alumni\node_modules\.pnpm\ts-node@10.9.1_@swc+core@1.3.95_@types+node@18.17.2_typescript@5.1.3\node_modules\ts-node\src\index.ts:863:19)
    at C:\Users\Shailendra kumar\Desktop\masai-projects\masai-alumni\node_modules\.pnpm\ts-node@10.9.1_@swc+core@1.3.95_@types+node@18.17.2_typescript@5.1.3\node_modules\ts-node\src\index.ts:1379:34
    at Object.compile (C:\Users\Shailendra kumar\Desktop\masai-projects\masai-alumni\node_modules\.pnpm\ts-node@10.9.1_@swc+core@1.3.95_@types+node@18.17.2_typescript@5.1.3\node_modules\ts-node\src\index.ts:1458:13)
    at Module.m._compile (C:\Users\Shailendra kumar\Desktop\masai-projects\masai-alumni\node_modules\.pnpm\ts-node@10.9.1_@swc+core@1.3.95_@types+node@18.17.2_typescript@5.1.3\node_modules\ts-node\src\index.ts:1617:30)
    at Module._extensions..js (node:internal/modules/cjs/loader:1435:10)
    at Object.require.extensions.<computed> [as .ts] (C:\Users\Shailendra kumar\Desktop\masai-projects\masai-alumni\node_modules\.pnpm\ts-node@10.9.1_@swc+core@1.3.95_@types+node@18.17.2_typescript@5.1.3\node_modules\ts-node\src\index.ts:1621:12)
    at Module.load (node:internal/modules/cjs/loader:1207:32)
    at Function.Module._load (node:internal/modules/cjs/loader:1023:12)
    at Module.require (node:internal/modules/cjs/loader:1235:19)
2023-12-15 17:34:02 error: uncaughtException: ⨯ Unable to compile TypeScript:
src/services/notice.service.ts(42,72): error TS1003: Identifier expected.

TSError: ⨯ Unable to compile TypeScript:
src/services/notice.service.ts(42,72): error TS1003: Identifier expected.

    at createTSError (C:\Users\Shailendra kumar\Desktop\masai-projects\masai-alumni\node_modules\.pnpm\ts-node@10.9.1_@swc+core@1.3.95_@types+node@18.17.2_typescript@5.1.3\node_modules\ts-node\src\index.ts:859:12)
    at reportTSError (C:\Users\Shailendra kumar\Desktop\masai-projects\masai-alumni\node_modules\.pnpm\ts-node@10.9.1_@swc+core@1.3.95_@types+node@18.17.2_typescript@5.1.3\node_modules\ts-node\src\index.ts:863:19)
    at C:\Users\Shailendra kumar\Desktop\masai-projects\masai-alumni\node_modules\.pnpm\ts-node@10.9.1_@swc+core@1.3.95_@types+node@18.17.2_typescript@5.1.3\node_modules\ts-node\src\index.ts:1379:34
    at Object.compile (C:\Users\Shailendra kumar\Desktop\masai-projects\masai-alumni\node_modules\.pnpm\ts-node@10.9.1_@swc+core@1.3.95_@types+node@18.17.2_typescript@5.1.3\node_modules\ts-node\src\index.ts:1458:13)
    at Module.m._compile (C:\Users\Shailendra kumar\Desktop\masai-projects\masai-alumni\node_modules\.pnpm\ts-node@10.9.1_@swc+core@1.3.95_@types+node@18.17.2_typescript@5.1.3\node_modules\ts-node\src\index.ts:1617:30)
    at Module._extensions..js (node:internal/modules/cjs/loader:1435:10)
    at Object.require.extensions.<computed> [as .ts] (C:\Users\Shailendra kumar\Desktop\masai-projects\masai-alumni\node_modules\.pnpm\ts-node@10.9.1_@swc+core@1.3.95_@types+node@18.17.2_typescript@5.1.3\node_modules\ts-node\src\index.ts:1621:12)
    at Module.load (node:internal/modules/cjs/loader:1207:32)
    at Function.Module._load (node:internal/modules/cjs/loader:1023:12)
    at Module.require (node:internal/modules/cjs/loader:1235:19)
2023-12-15 17:34:22 error: uncaughtException: ⨯ Unable to compile TypeScript:
src/services/notice.service.ts(42,72): error TS1011: An element access expression should take an argument.

TSError: ⨯ Unable to compile TypeScript:
src/services/notice.service.ts(42,72): error TS1011: An element access expression should take an argument.

    at createTSError (C:\Users\Shailendra kumar\Desktop\masai-projects\masai-alumni\node_modules\.pnpm\ts-node@10.9.1_@swc+core@1.3.95_@types+node@18.17.2_typescript@5.1.3\node_modules\ts-node\src\index.ts:859:12)
    at reportTSError (C:\Users\Shailendra kumar\Desktop\masai-projects\masai-alumni\node_modules\.pnpm\ts-node@10.9.1_@swc+core@1.3.95_@types+node@18.17.2_typescript@5.1.3\node_modules\ts-node\src\index.ts:863:19)
    at C:\Users\Shailendra kumar\Desktop\masai-projects\masai-alumni\node_modules\.pnpm\ts-node@10.9.1_@swc+core@1.3.95_@types+node@18.17.2_typescript@5.1.3\node_modules\ts-node\src\index.ts:1379:34
    at Object.compile (C:\Users\Shailendra kumar\Desktop\masai-projects\masai-alumni\node_modules\.pnpm\ts-node@10.9.1_@swc+core@1.3.95_@types+node@18.17.2_typescript@5.1.3\node_modules\ts-node\src\index.ts:1458:13)
    at Module.m._compile (C:\Users\Shailendra kumar\Desktop\masai-projects\masai-alumni\node_modules\.pnpm\ts-node@10.9.1_@swc+core@1.3.95_@types+node@18.17.2_typescript@5.1.3\node_modules\ts-node\src\index.ts:1617:30)
    at Module._extensions..js (node:internal/modules/cjs/loader:1435:10)
    at Object.require.extensions.<computed> [as .ts] (C:\Users\Shailendra kumar\Desktop\masai-projects\masai-alumni\node_modules\.pnpm\ts-node@10.9.1_@swc+core@1.3.95_@types+node@18.17.2_typescript@5.1.3\node_modules\ts-node\src\index.ts:1621:12)
    at Module.load (node:internal/modules/cjs/loader:1207:32)
    at Function.Module._load (node:internal/modules/cjs/loader:1023:12)
    at Module.require (node:internal/modules/cjs/loader:1235:19)
