2023-12-16 02:05:10 error: uncaughtException: (0 , passport_2.default) is not a function
TypeError: (0 , passport_2.default) is not a function
    at App.initializeMiddlewares (D:\Oxizen\oxyzen\apps\server\src\app.ts:72:17)
    at new App (D:\Oxizen\oxyzen\apps\server\src\app.ts:30:8)
    at Object.<anonymous> (D:\Oxizen\oxyzen\apps\server\src\server.ts:4:13)
    at Module._compile (node:internal/modules/cjs/loader:1376:14)
    at Module.m._compile (D:\Oxizen\oxyzen\node_modules\.pnpm\ts-node@10.9.1_@swc+core@1.3.95_@types+node@20.10.1_typescript@5.1.3\node_modules\ts-node\src\index.ts:1618:23)
    at Module._extensions..js (node:internal/modules/cjs/loader:1435:10)
    at Object.require.extensions.<computed> [as .ts] (D:\Oxizen\oxyzen\node_modules\.pnpm\ts-node@10.9.1_@swc+core@1.3.95_@types+node@20.10.1_typescript@5.1.3\node_modules\ts-node\src\index.ts:1621:12)
    at Module.load (node:internal/modules/cjs/loader:1207:32)
    at Function.Module._load (node:internal/modules/cjs/loader:1023:12)
    at Function.executeUserEntryPoint [as runMain] (node:internal/modules/run_main:135:12)
2023-12-16 02:05:13 error: uncaughtException: Class constructor PassportConfig cannot be invoked without 'new'
TypeError: Class constructor PassportConfig cannot be invoked without 'new'
    at App.initializeMiddlewares (D:\Oxizen\oxyzen\apps\server\src\app.ts:72:17)
    at new App (D:\Oxizen\oxyzen\apps\server\src\app.ts:30:8)
    at Object.<anonymous> (D:\Oxizen\oxyzen\apps\server\src\server.ts:4:13)
    at Module._compile (node:internal/modules/cjs/loader:1376:14)
    at Module.m._compile (D:\Oxizen\oxyzen\node_modules\.pnpm\ts-node@10.9.1_@swc+core@1.3.95_@types+node@20.10.1_typescript@5.1.3\node_modules\ts-node\src\index.ts:1618:23)
    at Module._extensions..js (node:internal/modules/cjs/loader:1435:10)
    at Object.require.extensions.<computed> [as .ts] (D:\Oxizen\oxyzen\node_modules\.pnpm\ts-node@10.9.1_@swc+core@1.3.95_@types+node@20.10.1_typescript@5.1.3\node_modules\ts-node\src\index.ts:1621:12)
    at Module.load (node:internal/modules/cjs/loader:1207:32)
    at Function.Module._load (node:internal/modules/cjs/loader:1023:12)
    at Function.executeUserEntryPoint [as runMain] (node:internal/modules/run_main:135:12)
2023-12-16 02:05:54 error: uncaughtException: Class constructor PassportConfig cannot be invoked without 'new'
TypeError: Class constructor PassportConfig cannot be invoked without 'new'
    at App.initializeMiddlewares (D:\Oxizen\oxyzen\apps\server\src\app.ts:72:17)
    at new App (D:\Oxizen\oxyzen\apps\server\src\app.ts:30:8)
    at Object.<anonymous> (D:\Oxizen\oxyzen\apps\server\src\server.ts:4:13)
    at Module._compile (node:internal/modules/cjs/loader:1376:14)
    at Module.m._compile (D:\Oxizen\oxyzen\node_modules\.pnpm\ts-node@10.9.1_@swc+core@1.3.95_@types+node@20.10.1_typescript@5.1.3\node_modules\ts-node\src\index.ts:1618:23)
    at Module._extensions..js (node:internal/modules/cjs/loader:1435:10)
    at Object.require.extensions.<computed> [as .ts] (D:\Oxizen\oxyzen\node_modules\.pnpm\ts-node@10.9.1_@swc+core@1.3.95_@types+node@20.10.1_typescript@5.1.3\node_modules\ts-node\src\index.ts:1621:12)
    at Module.load (node:internal/modules/cjs/loader:1207:32)
    at Function.Module._load (node:internal/modules/cjs/loader:1023:12)
    at Function.executeUserEntryPoint [as runMain] (node:internal/modules/run_main:135:12)
2023-12-16 02:06:05 error: uncaughtException: Class constructor PassportConfig cannot be invoked without 'new'
TypeError: Class constructor PassportConfig cannot be invoked without 'new'
    at App.initializeMiddlewares (D:\Oxizen\oxyzen\apps\server\src\app.ts:72:17)
    at new App (D:\Oxizen\oxyzen\apps\server\src\app.ts:30:8)
    at Object.<anonymous> (D:\Oxizen\oxyzen\apps\server\src\server.ts:4:13)
    at Module._compile (node:internal/modules/cjs/loader:1376:14)
    at Module.m._compile (D:\Oxizen\oxyzen\node_modules\.pnpm\ts-node@10.9.1_@swc+core@1.3.95_@types+node@20.10.1_typescript@5.1.3\node_modules\ts-node\src\index.ts:1618:23)
    at Module._extensions..js (node:internal/modules/cjs/loader:1435:10)
    at Object.require.extensions.<computed> [as .ts] (D:\Oxizen\oxyzen\node_modules\.pnpm\ts-node@10.9.1_@swc+core@1.3.95_@types+node@20.10.1_typescript@5.1.3\node_modules\ts-node\src\index.ts:1621:12)
    at Module.load (node:internal/modules/cjs/loader:1207:32)
    at Function.Module._load (node:internal/modules/cjs/loader:1023:12)
    at Function.executeUserEntryPoint [as runMain] (node:internal/modules/run_main:135:12)
2023-12-16 02:29:48 error: uncaughtException: Route.post() requires a callback function but got a [object Undefined]
Error: Route.post() requires a callback function but got a [object Undefined]
    at Route.<computed> [as post] (D:\Oxizen\oxyzen\node_modules\.pnpm\express@4.18.2\node_modules\express\lib\router\route.js:211:15)
    at Function.proto.<computed> [as post] (D:\Oxizen\oxyzen\node_modules\.pnpm\express@4.18.2\node_modules\express\lib\router\index.js:521:19)
    at UserRoute.initializeRoutes (D:\Oxizen\oxyzen\apps\server\src\routes\user.route.ts:20:16)
    at new UserRoute (D:\Oxizen\oxyzen\apps\server\src\routes\user.route.ts:16:14)
    at Object.<anonymous> (D:\Oxizen\oxyzen\apps\server\src\routes\index.routes.ts:7:2)
    at Module._compile (node:internal/modules/cjs/loader:1376:14)
    at Module.m._compile (D:\Oxizen\oxyzen\node_modules\.pnpm\ts-node@10.9.1_@swc+core@1.3.95_@types+node@20.10.1_typescript@5.1.3\node_modules\ts-node\src\index.ts:1618:23)
    at Module._extensions..js (node:internal/modules/cjs/loader:1435:10)
    at Object.require.extensions.<computed> [as .ts] (D:\Oxizen\oxyzen\node_modules\.pnpm\ts-node@10.9.1_@swc+core@1.3.95_@types+node@20.10.1_typescript@5.1.3\node_modules\ts-node\src\index.ts:1621:12)
    at Module.load (node:internal/modules/cjs/loader:1207:32)
2023-12-16 02:43:23 error: uncaughtException: done is not a function
TypeError: done is not a function
    at Strategy._verify (D:\Oxizen\oxyzen\apps\server\src\configs\passport.ts:85:14)
2023-12-16 02:44:05 error: uncaughtException: done is not a function
TypeError: done is not a function
    at Strategy._verify (D:\Oxizen\oxyzen\apps\server\src\configs\passport.ts:85:14)
2023-12-16 02:44:30 error: uncaughtException: na is not defined
ReferenceError: na is not defined
    at PassportConfig.configureRegisterStrategy (D:\Oxizen\oxyzen\apps\server\src\configs\passport.ts:59:6)
    at new PassportConfig (D:\Oxizen\oxyzen\apps\server\src\configs\passport.ts:10:8)
    at App.initializeMiddlewares (D:\Oxizen\oxyzen\apps\server\src\app.ts:72:3)
    at new App (D:\Oxizen\oxyzen\apps\server\src\app.ts:30:8)
    at Object.<anonymous> (D:\Oxizen\oxyzen\apps\server\src\server.ts:4:13)
    at Module._compile (node:internal/modules/cjs/loader:1376:14)
    at Module.m._compile (D:\Oxizen\oxyzen\node_modules\.pnpm\ts-node@10.9.1_@swc+core@1.3.95_@types+node@20.10.1_typescript@5.1.3\node_modules\ts-node\src\index.ts:1618:23)
    at Module._extensions..js (node:internal/modules/cjs/loader:1435:10)
    at Object.require.extensions.<computed> [as .ts] (D:\Oxizen\oxyzen\node_modules\.pnpm\ts-node@10.9.1_@swc+core@1.3.95_@types+node@20.10.1_typescript@5.1.3\node_modules\ts-node\src\index.ts:1621:12)
    at Module.load (node:internal/modules/cjs/loader:1207:32)
2023-12-16 02:44:32 error: uncaughtException: name is not defined
ReferenceError: name is not defined
    at PassportConfig.configureRegisterStrategy (D:\Oxizen\oxyzen\apps\server\src\configs\passport.ts:59:6)
    at new PassportConfig (D:\Oxizen\oxyzen\apps\server\src\configs\passport.ts:10:8)
    at App.initializeMiddlewares (D:\Oxizen\oxyzen\apps\server\src\app.ts:72:3)
    at new App (D:\Oxizen\oxyzen\apps\server\src\app.ts:30:8)
    at Object.<anonymous> (D:\Oxizen\oxyzen\apps\server\src\server.ts:4:13)
    at Module._compile (node:internal/modules/cjs/loader:1376:14)
    at Module.m._compile (D:\Oxizen\oxyzen\node_modules\.pnpm\ts-node@10.9.1_@swc+core@1.3.95_@types+node@20.10.1_typescript@5.1.3\node_modules\ts-node\src\index.ts:1618:23)
    at Module._extensions..js (node:internal/modules/cjs/loader:1435:10)
    at Object.require.extensions.<computed> [as .ts] (D:\Oxizen\oxyzen\node_modules\.pnpm\ts-node@10.9.1_@swc+core@1.3.95_@types+node@20.10.1_typescript@5.1.3\node_modules\ts-node\src\index.ts:1621:12)
    at Module.load (node:internal/modules/cjs/loader:1207:32)
2023-12-16 02:44:36 error: uncaughtException: nameField is not defined
ReferenceError: nameField is not defined
    at PassportConfig.configureRegisterStrategy (D:\Oxizen\oxyzen\apps\server\src\configs\passport.ts:59:6)
    at new PassportConfig (D:\Oxizen\oxyzen\apps\server\src\configs\passport.ts:10:8)
    at App.initializeMiddlewares (D:\Oxizen\oxyzen\apps\server\src\app.ts:72:3)
    at new App (D:\Oxizen\oxyzen\apps\server\src\app.ts:30:8)
    at Object.<anonymous> (D:\Oxizen\oxyzen\apps\server\src\server.ts:4:13)
    at Module._compile (node:internal/modules/cjs/loader:1376:14)
    at Module.m._compile (D:\Oxizen\oxyzen\node_modules\.pnpm\ts-node@10.9.1_@swc+core@1.3.95_@types+node@20.10.1_typescript@5.1.3\node_modules\ts-node\src\index.ts:1618:23)
    at Module._extensions..js (node:internal/modules/cjs/loader:1435:10)
    at Object.require.extensions.<computed> [as .ts] (D:\Oxizen\oxyzen\node_modules\.pnpm\ts-node@10.9.1_@swc+core@1.3.95_@types+node@20.10.1_typescript@5.1.3\node_modules\ts-node\src\index.ts:1621:12)
    at Module.load (node:internal/modules/cjs/loader:1207:32)
2023-12-16 02:44:45 error: uncaughtException: done is not a function
TypeError: done is not a function
    at Strategy._verify (D:\Oxizen\oxyzen\apps\server\src\configs\passport.ts:86:14)
2023-12-16 02:47:47 error: uncaughtException: done is not a function
TypeError: done is not a function
    at Strategy._verify (D:\Oxizen\oxyzen\apps\server\src\configs\passport.ts:86:14)
    at processTicksAndRejections (node:internal/process/task_queues:95:5)
2023-12-16 02:50:09 error: [POST] /api/v1/auth/register >> StatusCode:: 500, Message:: Failed to serialize user into session
2023-12-16 02:54:25 error: [POST] /api/v1/auth/register >> StatusCode:: 500, Message:: Failed to serialize user into session
2023-12-16 02:54:57 error: [POST] /api/v1/auth/register >> StatusCode:: 500, Message:: Failed to serialize user into session
2023-12-16 02:59:39 error: uncaughtException: this.configureRegisterStrategy is not a function
TypeError: this.configureRegisterStrategy is not a function
    at new PassportConfig (D:\Oxizen\oxyzen\apps\server\src\configs\passport.ts:10:8)
    at App.initializeMiddlewares (D:\Oxizen\oxyzen\apps\server\src\app.ts:72:3)
    at new App (D:\Oxizen\oxyzen\apps\server\src\app.ts:30:8)
    at Object.<anonymous> (D:\Oxizen\oxyzen\apps\server\src\server.ts:4:13)
    at Module._compile (node:internal/modules/cjs/loader:1376:14)
    at Module.m._compile (D:\Oxizen\oxyzen\node_modules\.pnpm\ts-node@10.9.1_@swc+core@1.3.95_@types+node@20.10.1_typescript@5.1.3\node_modules\ts-node\src\index.ts:1618:23)
    at Module._extensions..js (node:internal/modules/cjs/loader:1435:10)
    at Object.require.extensions.<computed> [as .ts] (D:\Oxizen\oxyzen\node_modules\.pnpm\ts-node@10.9.1_@swc+core@1.3.95_@types+node@20.10.1_typescript@5.1.3\node_modules\ts-node\src\index.ts:1621:12)
    at Module.load (node:internal/modules/cjs/loader:1207:32)
    at Function.Module._load (node:internal/modules/cjs/loader:1023:12)
2023-12-16 03:04:23 error: [POST] /api/v1/auth/login >> StatusCode:: 400, Message:: Expected double-quoted property name in JSON at position 106
2023-12-16 03:08:04 error: [POST] /api/v1/auth/register >> StatusCode:: 500, Message:: Failed to serialize user into session
2023-12-16 03:19:36 error: [POST] /api/v1/auth/register >> StatusCode:: 500, Message:: Failed to serialize user into session
2023-12-16 03:23:43 error: [POST] /api/v1/auth/register >> StatusCode:: 500, Message:: Failed to serialize user into session
2023-12-16 03:36:42 error: uncaughtException: Route.get() requires a callback function but got a [object Undefined]
Error: Route.get() requires a callback function but got a [object Undefined]
    at Route.<computed> [as get] (D:\Oxizen\oxyzen\node_modules\.pnpm\express@4.18.2\node_modules\express\lib\router\route.js:211:15)
    at Function.proto.<computed> [as get] (D:\Oxizen\oxyzen\node_modules\.pnpm\express@4.18.2\node_modules\express\lib\router\index.js:521:19)
    at UserRoute.initializeRoutes (D:\Oxizen\oxyzen\apps\server\src\routes\user.route.ts:22:15)
    at new UserRoute (D:\Oxizen\oxyzen\apps\server\src\routes\user.route.ts:16:8)
    at Object.<anonymous> (D:\Oxizen\oxyzen\apps\server\src\routes\index.routes.ts:7:2)
    at Module._compile (node:internal/modules/cjs/loader:1376:14)
    at Module.m._compile (D:\Oxizen\oxyzen\node_modules\.pnpm\ts-node@10.9.1_@swc+core@1.3.95_@types+node@20.10.1_typescript@5.1.3\node_modules\ts-node\src\index.ts:1618:23)
    at Module._extensions..js (node:internal/modules/cjs/loader:1435:10)
    at Object.require.extensions.<computed> [as .ts] (D:\Oxizen\oxyzen\node_modules\.pnpm\ts-node@10.9.1_@swc+core@1.3.95_@types+node@20.10.1_typescript@5.1.3\node_modules\ts-node\src\index.ts:1621:12)
    at Module.load (node:internal/modules/cjs/loader:1207:32)
2023-12-16 03:36:59 error: uncaughtException: тип Unable to compile TypeScript:
src/routes/user.route.ts(22,62): error TS1003: Identifier expected.

TSError: тип Unable to compile TypeScript:
src/routes/user.route.ts(22,62): error TS1003: Identifier expected.

    at createTSError (D:\Oxizen\oxyzen\node_modules\.pnpm\ts-node@10.9.1_@swc+core@1.3.95_@types+node@20.10.1_typescript@5.1.3\node_modules\ts-node\src\index.ts:859:12)
    at reportTSError (D:\Oxizen\oxyzen\node_modules\.pnpm\ts-node@10.9.1_@swc+core@1.3.95_@types+node@20.10.1_typescript@5.1.3\node_modules\ts-node\src\index.ts:863:19)
    at D:\Oxizen\oxyzen\node_modules\.pnpm\ts-node@10.9.1_@swc+core@1.3.95_@types+node@20.10.1_typescript@5.1.3\node_modules\ts-node\src\index.ts:1379:34
    at Object.compile (D:\Oxizen\oxyzen\node_modules\.pnpm\ts-node@10.9.1_@swc+core@1.3.95_@types+node@20.10.1_typescript@5.1.3\node_modules\ts-node\src\index.ts:1458:13)
    at Module.m._compile (D:\Oxizen\oxyzen\node_modules\.pnpm\ts-node@10.9.1_@swc+core@1.3.95_@types+node@20.10.1_typescript@5.1.3\node_modules\ts-node\src\index.ts:1617:30)
    at Module._extensions..js (node:internal/modules/cjs/loader:1435:10)
    at Object.require.extensions.<computed> [as .ts] (D:\Oxizen\oxyzen\node_modules\.pnpm\ts-node@10.9.1_@swc+core@1.3.95_@types+node@20.10.1_typescript@5.1.3\node_modules\ts-node\src\index.ts:1621:12)
    at Module.load (node:internal/modules/cjs/loader:1207:32)
    at Function.Module._load (node:internal/modules/cjs/loader:1023:12)
    at Module.require (node:internal/modules/cjs/loader:1235:19)
2023-12-16 03:37:01 error: uncaughtException: Route.get() requires a callback function but got a [object Undefined]
Error: Route.get() requires a callback function but got a [object Undefined]
    at Route.<computed> [as get] (D:\Oxizen\oxyzen\node_modules\.pnpm\express@4.18.2\node_modules\express\lib\router\route.js:211:15)
    at Function.proto.<computed> [as get] (D:\Oxizen\oxyzen\node_modules\.pnpm\express@4.18.2\node_modules\express\lib\router\index.js:521:19)
    at UserRoute.initializeRoutes (D:\Oxizen\oxyzen\apps\server\src\routes\user.route.ts:22:15)
    at new UserRoute (D:\Oxizen\oxyzen\apps\server\src\routes\user.route.ts:16:8)
    at Object.<anonymous> (D:\Oxizen\oxyzen\apps\server\src\routes\index.routes.ts:7:2)
    at Module._compile (node:internal/modules/cjs/loader:1376:14)
    at Module.m._compile (D:\Oxizen\oxyzen\node_modules\.pnpm\ts-node@10.9.1_@swc+core@1.3.95_@types+node@20.10.1_typescript@5.1.3\node_modules\ts-node\src\index.ts:1618:23)
    at Module._extensions..js (node:internal/modules/cjs/loader:1435:10)
    at Object.require.extensions.<computed> [as .ts] (D:\Oxizen\oxyzen\node_modules\.pnpm\ts-node@10.9.1_@swc+core@1.3.95_@types+node@20.10.1_typescript@5.1.3\node_modules\ts-node\src\index.ts:1621:12)
    at Module.load (node:internal/modules/cjs/loader:1207:32)
2023-12-16 03:45:37 error: uncaughtException: app.listen is not a function
TypeError: app.listen is not a function
    at Object.<anonymous> (D:\Oxizen\oxyzen\apps\server\src\server.ts:6:5)
    at Module._compile (node:internal/modules/cjs/loader:1376:14)
    at Module.m._compile (D:\Oxizen\oxyzen\node_modules\.pnpm\ts-node@10.9.1_@swc+core@1.3.95_@types+node@20.10.1_typescript@5.1.3\node_modules\ts-node\src\index.ts:1618:23)
    at Module._extensions..js (node:internal/modules/cjs/loader:1435:10)
    at Object.require.extensions.<computed> [as .ts] (D:\Oxizen\oxyzen\node_modules\.pnpm\ts-node@10.9.1_@swc+core@1.3.95_@types+node@20.10.1_typescript@5.1.3\node_modules\ts-node\src\index.ts:1621:12)
    at Module.load (node:internal/modules/cjs/loader:1207:32)
    at Function.Module._load (node:internal/modules/cjs/loader:1023:12)
    at Function.executeUserEntryPoint [as runMain] (node:internal/modules/run_main:135:12)
    at phase4 (D:\Oxizen\oxyzen\node_modules\.pnpm\ts-node@10.9.1_@swc+core@1.3.95_@types+node@20.10.1_typescript@5.1.3\node_modules\ts-node\src\bin.ts:649:14)
    at bootstrap (D:\Oxizen\oxyzen\node_modules\.pnpm\ts-node@10.9.1_@swc+core@1.3.95_@types+node@20.10.1_typescript@5.1.3\node_modules\ts-node\src\bin.ts:95:10)
2023-12-16 14:23:04 error: [POST] /api/v1/auth/register >> StatusCode:: 500, Message:: Cannot read properties of null (reading 'dataValues')
2023-12-16 14:23:30 error: [POST] /api/v1/auth/register >> StatusCode:: 500, Message:: Cannot read properties of null (reading 'dataValues')
2023-12-16 14:25:16 error: [POST] /api/v1/auth/register >> StatusCode:: 500, Message:: Cannot read properties of null (reading 'dataValues')
2023-12-16 14:27:11 error: [POST] /api/v1/auth/register >> StatusCode:: 500, Message:: Cannot read properties of null (reading 'dataValues')
2023-12-16 14:27:57 error: [POST] /api/v1/auth/register >> StatusCode:: 500, Message:: Cannot read properties of null (reading 'dataValues')
2023-12-16 14:28:39 error: [POST] /api/v1/auth/login >> StatusCode:: 500, Message:: Cannot read properties of null (reading 'dataValues')
2023-12-16 14:28:42 error: [POST] /api/v1/auth/login >> StatusCode:: 500, Message:: Cannot read properties of null (reading 'dataValues')
2023-12-16 14:28:47 error: [POST] /api/v1/auth/register >> StatusCode:: 500, Message:: Cannot read properties of null (reading 'dataValues')
2023-12-16 14:29:16 error: [POST] /api/v1/auth/register >> StatusCode:: 500, Message:: Cannot read properties of null (reading 'dataValues')
2023-12-16 14:29:34 error: [POST] /api/v1/auth/register >> StatusCode:: 500, Message:: Failed to serialize user into session
2023-12-16 14:31:34 error: [POST] /api/v1/auth/register >> StatusCode:: 500, Message:: Failed to serialize user into session
2023-12-16 14:37:17 error: [POST] /api/v1/auth/register >> StatusCode:: 500, Message:: Failed to serialize user into session
2023-12-16 14:37:24 error: [POST] /api/v1/auth/register >> StatusCode:: 500, Message:: Failed to serialize user into session
2023-12-16 14:37:58 error: [POST] /api/v1/auth/register >> StatusCode:: 500, Message:: Failed to serialize user into session
2023-12-16 14:39:00 error: [POST] /api/v1/auth/register >> StatusCode:: 500, Message:: Failed to serialize user into session
2023-12-16 14:39:39 error: [POST] /api/v1/auth/register >> StatusCode:: 500, Message:: Failed to serialize user into session
2023-12-16 14:49:56 error: [POST] /api/v1/auth/register >> StatusCode:: 500, Message:: Cannot read properties of null (reading 'dataValues')
2023-12-16 14:49:58 error: [POST] /api/v1/auth/register >> StatusCode:: 500, Message:: Cannot read properties of null (reading 'dataValues')
2023-12-16 14:50:00 error: [POST] /api/v1/auth/register >> StatusCode:: 500, Message:: Cannot read properties of null (reading 'dataValues')
2023-12-16 14:50:49 error: [POST] /api/v1/auth/register >> StatusCode:: 500, Message:: Cannot read properties of null (reading 'dataValues')
